1.3079144419
0.284880438447	0.132561718959	0.0760753617458	0.0161537764408	1971.05128835	1983.6345749	1996.72864036
0.110796451611	0.0790688354734	0.0117953558762	1987.49929689	1996.93705744
0.145525989061	0.0622246763911	0.0133740664153	1987.99524399	1996.93705744
0.159367314767	0.108732121535	0.0683970930711	0.0191707409119	1977.37244365	1987.99524399	1996.93705744
0.125559994979	0.0659460741578	0.0171546096725	1987.13571737	1996.04248347
0.144425260877	0.0877193480204	0.00968540470626	1983.42038736	1996.04248347
0.147085943874	0.0635287172453	0.0139063121728	1987.43163384	1996.04248347
0.203957027742	0.14603285937	0.0668603592557	0.0215679447906	1969.90665579	1987.43163384	1996.04248347
0.220796421587	0.122102225932	0.0704974472862	0.00656646152771	1972.6486401	1987.03133932	1996.04248347
0.148683504428	0.0706315808336	0.00819270389125	1987.03133932	1996.04248347
0.232992532276	0.116537182275	0.0705399737819	0.0132878852547	1973.64592105	1988.7750826	1996.04248347
0.155183604205	0.0877243387339	0.00618627607207	1973.99027149	1996.04248347
0.13087042442	0.0547495926781	0.00890302492322	1990.617137	1996.04248347
0.137997551397	0.0563592786993	0.012652708477	0.00648079701312	1987.87012174	1996.04248347	1998.06862999
0.202665308065	0.125554946803	0.0549416760837	0.0148542625423	1969.5534346	1987.87012174	1996.04248347
0.14302012785	0.0633566510101	0.0112949099209	1987.87012174	1996.04248347
0.131946155233	0.0676471161684	0.0171083659923	1987.53829364	1996.04248347
0.129971931973	0.0627461339122	0.0131779073107	1987.53829364	1996.04248347
0.1572567605	0.0754785259672	0.0170935657514	1986.93441078	1996.04248347
0.187571696034	0.0821785276273	0.0105242641374	1982.75749279	1996.04248347
0.110233377015	0.0725974014221	0.0057401083468	1988.86719868	1996.04248347
0.0931345769262	0.0248341468635	1996.04248347
0.210270311331	0.101162510523	0.0523666485776	0.0233719096239	1983.48447919	1991.4408747	1996.04248347
0.156164343385	0.168302180817	0.0600904552692	0.0316598993455	1986.80833194	1987.85122821	1996.04248347
0.35335957331	0.128050574316	0.0648960485807	0.0141533992503	1970.05859505	1987.66814728	1996.04248347
0.164467708122	0.0879740711481	0.0144141612001	1986.58324829	1996.04248347
0.155094267906	0.0556328983567	0.0196804395914	1987.55735205	1996.04248347
0.140619843595	0.0826441075187	0.0188790641899	1985.0200647	1996.04248347
0.168034299427	0.0767526701193	0.00859556015444	1985.99029467	1996.38911703
0.114023229013	0.0639944991556	0.00808761612029	1988.03146451	1996.38911703
0.138491456104	0.0731267904127	0.0231928605308	1987.91727611	1996.38911703
0.157770514161	0.0891897874677	0.0170284724626	1985.41715212	1996.38911703
0.119077652997	0.0645269931843	0.0176782838742	1987.83456964	1996.38911703
0.166758776698	0.137434542656	0.0699217635617	0.0162914516861	1975.03172086	1985.14337296	1996.38911703
0.147491761308	0.066027238397	0.0150327663669	1987.85765742	1996.38911703
0.151306840362	0.065018627619	0.0124887750588	1987.25533233	1996.38911703
0.118298863993	0.0530679746906	0.0138071642606	1987.39581866	1996.38911703
0.162170426785	0.0862706582911	0.0156260492812	1987.83212959	1996.38911703
0.151591211682	0.0596257362353	0.0128552141975	1987.83212959	1996.38911703
0.148151798275	0.0748622215411	0.0167493328867	1987.32700795	1996.38911703
0.203511509353	0.0826272006811	0.00789140342166	0.0335418828919	1972.46703322	1996.38911703	1999.20437386
0.131502105533	0.0644668630872	0.0120642897344	1987.31370131	1996.38911703
0.309583393144	0.144333038532	0.0646359912761	0.0237927094302	1973.22118193	1989.00280947	1996.38911703
0.12810136085	0.058909866368	0.0168551564573	1987.49106212	1996.38911703
0.158090633302	0.0754491845733	0.0137192301386	1987.21879656	1996.38911703
0.0897904212485	0.028176358636	1996.38911703
0.151558562445	0.0663968026457	0.0173293221293	1987.13495954	1996.38911703
0.204396804498	0.152549343638	0.0635083403881	0.0167701596664	1975.84796301	1987.58664272	1996.38911703
0.153224334933	0.0882346840094	0.0176692754023	1987.99363925	1996.38911703
0.134263331776	0.0654394713648	0.0106170649512	1987.99363925	1996.38911703
0.133812052074	0.0715519863514	0.013819737287	1987.99363925	1996.38911703
0.145413967688	0.0829524784034	0.0220706879121	1987.53093145	1996.38911703
0.18361375676	0.0851454134165	0.0310324252011	0.0595888503191	0.0113022278809	1985.84146621	1993.24642842	1994.96938407	1996.38911703
0.124518081945	0.0770629995461	0.0120133631336	1990.02508092	1996.38911703
0.179671928297	0.0866923301539	0.011025032738	1983.30135194	1996.38911703
0.144098907812	0.0635976574389	0.0109465174742	1987.90475946	1996.38911703
0.16698156428	0.0863922489892	0.0180827627888	1984.63443211	1996.38911703
0.0796012656448	0.0167332742203	1996.38911703
0.163792539368	0.0625610844165	0.00835032273862	1987.03939206	1996.38911703
0.14956488698	0.072320259838	0.014881360025	1988.13596843	1996.38911703
0.285937023384	0.146746321962	0.0499286733791	0.00861962183841	1972.06019809	1988.01248713	1996.38911703
0.240557874283	0.134781360183	0.0861944490562	0.0207501618281	1972.68440021	1986.75797047	1996.18541668
0.129416142436	0.0566416126012	0.0145506439491	1989.24791483	1996.6452068
0.128687569567	0.0651680069874	0.0162928524459	1987.82123136	1996.6452068
0.167261882682	0.067230567416	0.0111883199337	1987.94040008	1996.6452068
0.108832125552	0.0746703188697	0.0167704746295	1989.78274854	1996.6452068
0.142422284056	0.0607590856159	0.0146089713971	1988.78568565	1996.6452068
0.152042096194	0.0802416577287	0.00992872694249	1987.92816226	1996.4272842
0.148751453802	0.0864500894356	0.0151459771721	1987.92816226	1996.4272842
0.157416982194	0.0853530145516	0.0134964336503	1986.69328719	1996.4272842
0.174398723707	0.0765870143789	0.0151653824374	1987.13225797	1996.4272842
0.122235320124	0.0757047731122	0.02392081466	1987.72324881	1996.4272842
0.155998522154	0.0671152950946	0.0147625093545	1987.72324881	1996.4272842
0.160234602496	0.0591520299349	0.0123006970763	1987.01023419	1996.4272842
0.149090865503	0.0914275672892	0.0797099543077	0.014101871116	1985.93225456	1993.24746457	1996.4272842
0.16258001402	0.0687280757422	0.0180338867253	1987.40472116	1996.4272842
0.137923674463	0.0725854096527	0.0122961808384	1987.2217505	1996.4272842
0.129845490102	0.0752812201958	0.011959947014	1987.2217505	1996.4272842
0.135896738009	0.0755941679072	0.0140410828489	1983.46340069	1996.4272842
0.120230891215	0.067081583924	0.0237487981522	1987.85671919	1996.4272842
0.170246275072	0.0776941367701	0.00992894357599	1985.53965913	1996.4272842
0.309889986315	0.0942190329293	0.00615156227337	1974.34998753	1996.4272842
0.132682901379	0.0642264242187	0.0777791836431	0.00861233249128	1987.62264153	1989.69148621	1996.4272842
0.186141551363	0.0841389554329	0.0104820494855	1981.79362263	1996.4272842
0.120684917579	0.0743019050874	0.0090912049438	1987.47533379	1996.4272842
0.122839553075	0.102331669271	0.0115268902528	1984.8823788	1996.4272842
0.12211134474	0.0822132916883	0.0100752233836	1983.59929043	1996.4272842
0.162683889523	0.0633019004643	0.0135458864359	1987.07124101	1996.4272842
0.239718971393	0.092213446667	0.0260924652687	1972.37177069	1996.4272842
0.13868977356	0.0636634563138	0.00917585668046	1987.47727886	1996.4272842
0.105318071333	0.0927006602057	0.00857269468323	1984.27685708	1996.4272842
0.143976067662	0.0649917463606	0.00943757843052	1987.59071953	1996.4272842
0.12889765197	0.0643010889255	0.00988361786182	1991.22799055	1996.4272842
0.153984542057	0.079323041269	0.0105430618839	1985.78015114	1996.4272842
0.144438076745	0.0557985463579	0.00855026012448	1987.46534605	1996.4272842
0.156726074752	0.0848481423921	0.0761906649155	0.0196727790326	1987.09751671	1992.18907713	1996.4272842
0.157274889857	0.0646679896319	0.0172912364708	1987.42343377	1996.4272842
0.148803645942	0.0701258728776	0.0186724947762	1987.23402265	1996.4272842
0.183536620088	0.148235093466	0.0786989830026	0.0215593554907	1969.00856812	1983.14857022	1996.4272842
0.137559057868	0.0312753189583	1991.50562408
0.11991975745	0.0653628002117	0.015183272272	1992.19731029	1996.15913577
0.186180307289	0.0769775957473	0.0895436677722	0.00822665403355	1987.8616748	1995.05019894	1996.15913577
0.133577058595	0.0870375545853	0.017985945616	1988.98479554	1996.15913577
0.169475046212	0.0587086575001	0.0164452304129	1987.00861549	1996.15913577
0.157279281533	0.0716151660916	0.0112099395241	1987.14677263	1996.15913577
0.170873771439	0.134871639086	0.0589384182901	0.00996188660118	1983.5446605	1987.35283721	1996.15913577
0.168997705416	0.0748411088931	0.0203461565686	1987.35283721	1996.15913577
0.13356221326	0.0825262705432	0.0111535172322	1986.92343955	1996.15913577
0.339375016585	0.139613627384	0.0658469307519	0.0231629358649	1972.53341798	1987.69164923	1996.15913577
0.153225316725	0.075818076793	0.0157241102874	1987.93570768	1996.15913577
0.135024810789	0.0663088576165	0.0100109285364	1986.55034084	1996.15913577
0.413483296095	0.120694813143	0.0670696289263	0.0166652385546	1971.42082558	1987.8751784	1997.90444009
0.139223459595	0.061864515097	0.010189660561	1987.8751784	1996.72389061
0.133266611768	0.0750294885273	0.00909798693074	1985.80218821	1996.72389061
0.305533534838	0.098494241438	0.0172321649093	1973.02359301	1996.72389061
0.276960821157	0.133761485088	0.0707082474992	0.0100573764996	1972.61437076	1987.19297713	1996.72389061
0.142611884066	0.0669128244285	0.0146091493285	1987.77606445	1996.72389061
0.16383504257	0.0630386938999	0.0116564998061	1985.65601982	1996.72389061
0.155165385078	0.0664133353803	0.00700024177973	1987.42956511	1996.72389061
0.133422900927	0.0554463226275	0.00817047859637	1988.38134351	1996.72389061
0.163236486005	0.0614102059683	0.0134813646175	1984.4036271	1996.72389061
0.287391962375	0.092036150415	0.0192259775637	1969.21578031	1996.72389061
0.152429779004	0.0610502073119	0.0138102398851	1987.29195666	1996.72389061
0.127998476128	0.162036014689	0.0706872210158	0.00892760628379	1982.30351346	1987.09360152	1996.72389061
0.169038502501	0.0676164276991	0.0108643441642	1987.09360152	1996.72389061
0.137800892174	0.0688389780295	0.0162562365412	1987.23270574	1996.72389061
0.204216015671	0.0699657190872	0.0103946473603	1983.99306428	1996.72389061
0.102826562612	0.0120426947866	1996.72389061
0.139222123902	0.0816186427127	0.0118629970308	1985.70882362	1996.72389061
0.201311420211	0.171921512365	0.078776391767	0.0165643917451	1977.67286213	1987.09840267	1996.72389061
0.291180318825	0.107339473931	0.0724234320801	0.0143305441031	1973.36499645	1988.03579107	1996.72389061
0.221935100012	0.0945568421451	0.0164701115852	1971.79888845	1996.72389061
0.133120020383	0.0719366107015	0.0185011483041	1987.3029246	1996.72389061
0.14726762934	0.0825216946418	0.0137677504822	1987.22986019	1996.72389061
0.164648544828	0.0936661427187	0.0113253815527	1985.87481835	1996.72389061
0.140704187647	0.0727610107404	0.00983995816635	1983.47951093	1996.72389061
0.494119975283	0.121060649567	0.071015352463	0.0247700021014	1972.68002828	1990.03629843	1996.72389061
0.15379738494	0.0869970169733	0.009434982883	1988.88102486	1996.72389061
0.159243032482	0.0648639150816	0.018532563286	1987.50467529	1996.72389061
0.159953381197	0.0758792768347	0.0138148482707	1983.59466242	1996.72389061
0.132551639545	0.0771769825054	0.0190044319027	1986.69306455	1996.72389061
0.158919042709	0.0702991878129	0.0353912337592	1987.70844701	1996.72389061
0.143806237626	0.0539663048833	0.0119660810947	1987.70844701	1996.72389061
0.145636801174	0.0825619687951	0.0604611551029	0.00565929146863	1986.74735723	1993.07098072	1996.72389061
0.12614378838	0.0674787003804	0.00907932329558	1985.75173368	1996.72389061
0.132666079869	0.0611432773188	0.0104184120185	1987.63574475	1996.72389061
0.15555568794	0.0915052603214	0.0153185829219	1985.44867856	1996.72389061
0.293830472953	0.1435338967	0.0751524691285	0.015837965069	1971.66754146	1987.95744919	1996.72389061
0.122790373757	0.0857717465547	0.012303400288	1989.03136342	1996.72389061
0.132624031168	0.0678950732161	0.0100921484161	1987.09921803	1996.72389061
0.135856717447	0.0846073969087	0.0178376741945	1973.01503615	1996.72389061
0.125508370191	0.0529050488275	0.0147886378878	1991.54545454	1996.72389061
0.131410740755	0.0660731615167	0.0115908202139	1987.35880896	1996.72389061
0.14498502762	0.0712633453323	0.0110172222169	1987.43187873	1996.72389061
0.158976055952	0.071897982139	0.0210942683738	1987.42154353	1996.72389061
0.118403124594	0.0684666034622	0.015728980114	1989.27789768	1996.72389061
0.139483763954	0.0721511830514	0.0130789960178	1983.46134304	1996.72389061
0.13734597962	0.0961678774775	0.0130974896939	1983.82516406	1996.72389061
0.145533895321	0.0654096483472	0.0229561568959	1987.63554463	1996.72389061
0.155329122759	0.0652268553011	0.0186078114974	1987.63554463	1996.72389061
0.135498699646	0.0850783693079	0.0164670113701	1988.16238024	1996.72389061
0.11927999234	0.0769378747587	0.014065811051	1987.96655448	1996.72389061
0.332401391402	0.10698910719	0.077390522822	0.0118996174971	1971.14514015	1985.29788056	1996.72389061
0.16522335516	0.0840415276948	0.0128075830752	1985.47426936	1996.72389061
0.169614763302	0.0784517996286	0.0192320825465	1983.33662423	1996.72389061
0.129295368037	0.0897746524169	0.0325989761817	1987.94976215	1996.72389061
0.151243215781	0.0651984648998	0.0187245181292	1987.94976215	1996.72389061
0.131048038758	0.0759829230459	0.0140144192513	1988.33585916	1996.72389061
0.161354034292	0.0661802312387	0.0121972013967	1987.05431959	1996.72389061
0.161825357156	0.116598575727	0.0694251579273	0.0121281019065	1983.32693374	1991.20863389	1996.54940139
0.148939390241	0.0676552098563	0.0144837225864	1987.32452579	1996.54940139
0.312950382343	0.112595482928	0.0534906445801	0.00913943748767	1971.14543392	1991.78308351	1996.54940139
0.140616688135	0.064055536079	0.00864557143696	1987.67800653	1996.54940139
0.170859064562	0.0614968419886	0.00801782256631	1987.67800653	1996.54940139
0.166115524692	0.0673963671991	0.021962077785	1987.51673357	1996.54940139
0.145399361126	0.0883150884238	0.0190558016972	1989.4003128	1996.54940139
0.147896034677	0.0880095607313	0.0814915859564	0.0137762419704	1986.30283492	1994.57582846	1996.54940139
0.173325358429	0.0623730379604	0.0157115458547	1987.26906123	1996.54940139
0.14261206717	0.0671946526917	0.0119371642309	1987.8785449	1996.54940139
0.151528222398	0.0749298116683	0.00899053776326	1987.8785449	1996.54940139
0.132981790105	0.0944974345695	0.0737833253916	0.00777575661527	1985.89946618	1991.57438987	1996.54940139
0.349880592168	0.166690940473	0.0742973661576	0.00612554099096	1972.31622879	1985.95679383	1996.54940139
0.136076993206	0.0757008717054	0.0204248218019	1988.79561982	1996.54940139
0.139829339694	0.0671840354107	0.0136559676757	1987.01076814	1996.54940139
0.120781180166	0.0773162753217	0.0156940182817	1991.23235801	1996.54940139
0.0893449608479	0.0209041834692	1996.54940139
0.121579063311	0.0891453017513	0.00959359962122	1987.72713727	1996.54940139
0.142159782098	0.0648343715373	0.0171772941428	1987.72713727	1996.54940139
0.139701957257	0.0672688871833	0.0136420923944	1987.72713727	1996.54940139
0.118970298393	0.0634415104928	0.0157284009568	1991.98243764	1996.54940139
0.156385192399	0.063505077124	0.0175458373277	1987.5092757	1996.54940139
0.131707452052	0.0779582095913	0.0108684639529	1987.87649605	1996.54940139
0.134518667462	0.0754122980147	0.0257117934949	1987.87649605	1996.54940139
0.101347000827	0.0144962802538	1996.54940139
0.159485661126	0.0777811678506	0.0147590219235	1987.08864551	1996.54940139
0.169922655162	0.0747099119456	0.0323401725784	1987.08864551	1996.54940139
0.167162759932	0.071317944869	0.0709220304469	0.0201413486446	1987.96529522	1994.84616458	1996.54940139
0.163003761088	0.0847498088535	0.0201139135491	1981.94217849	1996.54940139
0.146039464908	0.0788395076008	0.0123962029457	1987.56276263	1996.54940139
0.120676027116	0.0601092028692	0.00739819138995	1991.9399396	1996.54940139
0.129228694353	0.0713299961782	0.0113162051084	1987.38339439	1996.54940139
0.137034244659	0.0701282291846	0.00941279797528	1987.92136265	1996.54940139
0.159750731224	0.0848313789226	0.0140128244162	1985.10230413	1996.54940139
0.187958065761	0.144642069722	0.0621094176496	0.0094305904208	1980.83528669	1987.0192968	1996.54940139
0.140641605091	0.0517408990855	0.076256127871	0.0131075407636	1987.00221838	1988.68497869	1996.54940139
0.144228109695	0.0608491309034	0.0109532121024	1987.1087938	1996.13456216
0.156584062147	0.0691379657242	0.0110750515753	1986.3603148	1996.13456216
0.149508462347	0.0979408779854	0.070186499197	0.0110121515627	1975.82032066	1988.75321473	1996.13456216
0.152910070298	0.0629768730239	0.00690929429221	1987.6973284	1996.13456216
0.127713454602	0.0578988511419	0.007992847233	1987.6973284	1996.13456216
0.148887213112	0.108485285209	0.021678594607	1987.57418178	1996.13456216
0.156387363146	0.0632471662773	0.0165872829638	1987.37838648	1996.13456216
0.170098939766	0.0843815326838	0.0148201545539	1983.08238212	1996.13456216
0.132796161583	0.0523464743989	0.0165141231061	1987.51113361	1996.13456216
0.166002958563	0.0754945844415	0.0154506857602	1987.51113361	1996.13456216
0.127333906681	0.0747040312754	0.00853894969584	1987.30257092	1996.13456216
0.145617569818	0.0587634631126	0.0260631133528	1987.30257092	1996.13456216
0.14116702394	0.0724266393516	0.0133905420246	1987.00965179	1996.13456216
0.112062582586	0.0898740990857	0.0115539118144	1986.99698007	1996.13456216
0.119184237478	0.141672860768	0.0692795414048	0.014172055978	1974.05107055	1983.59014683	1996.13456216
0.14396452629	0.0645778714789	0.0104649603133	1987.72269242	1996.13456216
0.152980843741	0.060963027628	0.025696566894	1987.72269242	1996.13456216
0.142114034265	0.0659564363979	0.00875670876043	1987.72269242	1996.13456216
0.104553137424	0.0593458438488	0.0112817495698	1991.58217144	1996.13456216
0.107888088828	0.0660631230666	0.00467496048464	1989.64798773	1996.13456216
0.143473487655	0.0611307018663	0.0185761056467	1987.04092679	1996.13456216
0.127143984387	0.0624899748468	0.0122673635457	1987.53502742	1996.13456216
0.127175300382	0.0591937464487	0.0187930139064	1987.53502742	1996.13456216
0.145747287579	0.086118529244	0.0148126914749	1987.39652722	1996.13456216
0.149937946652	0.0705799099502	0.0103113738883	1986.3617332	1996.13456216
0.118247182274	0.0112950357006	1996.13456216
0.170563131701	0.0733495773167	0.0237020800832	1987.83051121	1996.13456216
0.244739429827	0.0308241110229	0.133667657841	0.0812886820492	0.0227257135499	1975.50420453	1977.3816903	1989.96319729	1996.47530906
0.150391770081	0.0664882265177	0.0130395576566	1987.41626564	1996.47530906
0.153256700225	0.0779027364252	0.0200364831377	1987.18481189	1996.47530906
0.166768698911	0.0676555388364	0.0146041956853	1987.63404384	1996.47530906
0.283323647961	0.137181812411	0.0765249832109	0.0190896942316	1972.2983955	1987.40932732	1996.47530906
0.0862057559765	0.0100705855309	0.0399513395658	1996.47530906	1998.50668463
0.104250551451	0.0797385927929	0.0377167770676	1988.26171366	1996.47530906
0.172354168453	0.0847501769015	0.0170680029886	1985.80447014	1996.47530906
0.146993254083	0.0850874005697	0.0121960268729	1987.56980699	1996.47530906
0.146896405274	0.0644486318761	0.0176564813682	1987.56980699	1996.47530906
0.219159061496	0.105415190652	0.0755127075813	0.0142990763754	1973.92775011	1988.88901819	1996.47530906
0.133053484861	0.0761420926744	0.0129283417456	1987.88034258	1996.47530906
0.106905455492	0.0655829710587	0.0122810601395	1987.88034258	1996.47530906
0.145948959519	0.0688092389226	0.0186408044081	1987.68584841	1996.47530906
0.195393557584	0.0653843710108	0.012085106428	1987.96120413	1996.47530906
0.111856921114	0.0659874362982	0.0156933947316	1987.53226546	1996.47530906
0.12295147449	0.0673690943339	0.0134748488724	1988.45223704	1996.85279498
0.13732123745	0.0733647325366	0.013592585574	1987.19547345	1996.85279498
0.173573815503	0.0713460109334	0.0220753251484	1985.92311906	1996.96008249
0.149863413283	0.125877985115	0.0829521654472	0.0144065359683	1983.21359268	1987.9857582	1996.96008249
0.106089337882	0.0673112332066	0.0138082745786	1987.29218776	1996.96008249
0.125377137992	0.0633340996626	0.0268019245446	1991.59919937	1996.96008249
0.15734915004	0.0624459820242	0.0225802521124	1987.52656022	1996.96008249
0.155573917407	0.0640550913946	0.00591294449743	1987.89332944	1996.96008249
0.15276048319	0.0645433402394	0.0103250473468	1987.89332944	1996.96008249
0.110302356384	0.0514750315886	0.0175802176782	1991.18158952	1996.96008249
0.141803404577	0.0695150435856	0.00876915667021	1987.36216309	1996.96008249
0.413847843115	0.0873814080983	0.011948650481	1973.39509395	1996.96008249
0.177361644944	0.0880515771431	0.0136736637082	1986.10290488	1996.96008249
0.12970613095	0.0766075659541	0.0198107726505	1987.47131645	1996.96008249
0.129860739807	0.0609949554778	0.0119092429238	1987.47131645	1996.96008249
0.144835218925	0.0627915270935	0.0147273412735	1987.84961614	1996.96008249
0.150111453246	0.121576211781	0.0876029915165	0.0227551652209	1977.33521392	1984.87792321	1996.96008249
0.133750845761	0.0862485939676	0.0139287585556	1983.84711348	1996.96008249
0.149658463663	0.158692733137	0.0700044249334	0.0192083279552	1976.28222218	1987.54032364	1996.96008249
0.256766315392	0.157248044831	0.0804982321682	0.00886285684077	1971.9815021	1987.49076421	1996.96008249
0.123620322318	0.0754222995937	0.0103381009216	1987.9342529	1996.96008249
0.306748328945	0.0904321349886	0.0155886488731	1973.30526371	1996.96008249
0.165183538445	0.0906238699891	0.0116228794799	1982.94268796	1996.96008249
0.153837138339	0.0694147424518	0.0176254598007	1987.98759549	1996.96008249
0.14008241817	0.0926651441919	0.00593856839823	1982.44360087	1996.96008249
0.122295094059	0.0509779582525	0.0143884221226	1987.47725093	1996.96008249
0.175076171945	0.0707148131541	0.026639733177	1987.47725093	1996.96008249
0.147640534926	0.0703347207068	0.0150787334413	1985.04712926	1996.96008249
0.160060844418	0.0768047613396	0.0141209085006	0.0276032656155	1987.0204334	1996.96008249	1999.1426875
0.179138723171	0.0919273251126	0.00819474152448	1983.197105	1996.96008249
0.148537601231	0.0639815639739	0.012299315302	1987.06226066	1996.96008249
0.297369004831	0.134408078927	0.0709148849535	0.0113967305686	1969.42466777	1988.52665886	1996.84078369
0.326539880156	0.143647017257	0.0700482527361	0.0106443291047	1972.67049156	1987.20467075	1996.84078369
0.182399027191	0.0647457385514	0.0147267081084	1987.19997001	1996.84078369
0.0986357672736	0.0145071218444	1996.84078369
0.19563537324	0.0989222993615	0.0160096654307	1983.17477128	1996.84078369
0.124521319622	0.159702027184	0.0749601402377	0.00895671053053	1975.26372147	1987.25603065	1996.84078369
0.165699453295	0.0770171548212	0.0238354112546	1983.46313205	1996.56666401
0.162389458986	0.0613880460864	0.015966506017	1987.19733776	1996.56666401
0.117745916648	0.057985512742	0.00954887306816	1987.78435713	1996.56666401
0.153679173652	0.122035450013	0.0689328942389	0.00530607306061	1975.98602869	1983.8044091	1996.56666401
0.176533085923	0.0778904782897	0.0209430994306	1983.02426813	1996.56666401
0.158918261541	0.0898669908338	0.0536006100325	0.00834024599723	1984.79902265	1991.02371025	1996.56666401
0.153045519554	0.076620931827	0.0101924330234	1985.20298222	1996.56666401
0.127256101544	0.072757120015	0.011511114891	1987.77318428	1996.56666401
0.18431382987	0.0686124520294	0.0130052149648	1987.40468886	1996.56666401
0.142011778946	0.0655378450703	0.0167492909686	1987.40468886	1996.56666401
0.157278662072	0.0406977145875	1987.40468886
0.151108110196	0.0848438310963	0.0124543395126	1985.75504494	1996.60174985
0.12177692717	0.0635652076457	0.0112999987669	1987.79767854	1996.60174985
0.163670327531	0.133741038532	0.0536823457925	0.0215621869103	1985.94107106	1987.79767854	1996.60174985
0.162914730041	0.145843070043	0.0688497376739	0.0445211908716	1976.81290026	1987.79767854	1996.60174985
0.127798099693	0.0708931963924	0.0083672923726	1987.33440022	1996.60174985
0.180793131265	0.085685605197	0.0523289722581	0.0167119541594	1984.9821995	1994.67968268	1996.60174985
0.120309001277	0.0746463473959	0.0160411352254	1987.93195279	1996.60174985
0.14249142778	0.0760028311614	0.0101720581363	1987.93195279	1996.60174985
0.23125702823	0.168354609255	0.0682777855331	0.0130395719108	1973.1324625	1987.33822784	1996.60174985
0.147055095369	0.0809454755558	0.0209479573578	1987.47784754	1996.60174985
0.169260835107	0.0938048568393	0.176674620293	0.148313777403	0.0991544120949	0.0242731354368	1973.36185801	1977.73976018	1979.92795343	1986.86893181	1996.60174985
0.168791018169	0.0589537319415	0.0135189031791	1987.98113533	1996.60174985
0.136619508675	0.08757092291	0.0172544296913	1982.35215704	1996.60174985
0.156315533163	0.0695294982088	0.016801360779	1987.96830731	1996.60174985
0.115096323612	0.0893639112736	0.0200031081667	1985.10007372	1996.60174985
0.157973472456	0.0650680296388	0.015353191032	1987.3982317	1996.60174985
0.154118498249	0.0781829041561	0.0223432646629	1987.3982317	1996.60174985
0.156991467089	0.100534040688	0.0737193686064	0.0119662434349	1975.02986627	1987.3982317	1996.60174985
0.192540470385	0.0782324736276	0.00631291577355	1987.41302525	1996.60174985
0.111712883846	0.0709943070374	0.0225967314084	1987.41302525	1996.60174985
0.309662618764	0.122385457962	0.0708240810747	0.0183405100718	1969.01242197	1989.91430576	1996.60174985
0.111856654346	0.0638717643743	0.0120566944846	1988.04352092	1996.60174985
0.167123428806	0.0789125062642	0.00679345493202	1985.71561028	1996.60174985
0.150519108209	0.0649983056235	0.0112646333785	1987.7208484	1996.60174985
0.146278116567	0.0808433605001	0.0578145630995	0.0190648386346	1985.38979113	1993.55451865	1996.60174985
0.12695712833	0.0836245945805	0.0141438347998	1989.80038303	1996.60174985
0.243239675873	0.118064736403	0.0624283208665	0.0162387052631	1971.49764263	1991.63440934	1996.60174985
0.125236031801	0.079058695218	0.0175163269144	1992.11460828	1996.60174985
0.113771439208	0.0972230449344	0.0122395639654	1984.79364247	1996.03708205
0.0914317810286	0.017002777708	1996.03708205
0.133433624083	0.0562049783299	0.0300592081211	1987.95144597	1996.03708205
0.161849461414	0.0897621756171	0.0121437403812	1986.92906195	1996.03708205
0.165095017313	0.0556996649589	0.0232478749336	1987.71208853	1995.64176016
0.115278073369	0.124544681922	0.0680340537083	0.0114152481181	1983.41792609	1987.25556964	1996.20595453
0.114203609229	0.0645750446342	0.00946975857753	1988.69958816	1996.20595453
0.171907002729	0.0688213325358	0.0183255147243	1985.63984266	1996.4237585
0.129422082015	0.0603061202134	0.0614627306561	0.0189339493946	1987.34925945	1989.19235113	1996.4237585
0.102016591045	0.0222136187611	1996.4237585
0.143460545063	0.0959266702839	0.012464004735	1975.57328649	1996.4237585
0.158062143029	0.0729855333852	0.0136988321673	1987.01058883	1996.4237585
0.174707894528	0.0611269799729	0.0127308463726	1987.01058883	1996.4237585
0.138724361468	0.0564624551229	0.018046086855	1988.54608356	1996.4237585
0.150681524944	0.0801279525104	0.0129097565481	1987.65651677	1996.4237585
0.131975042631	0.0856437341434	0.0717575199338	0.0131588090064	1987.65651677	1989.45917288	1996.4237585
0.138340600064	0.0635974057545	0.0207988521044	1986.04174445	1996.4237585
0.350178682065	0.183912157808	0.129834540348	0.0684478411987	0.0182452744486	1969.73437794	1977.49027751	1987.41777121	1996.4237585
0.217150309887	0.119484908029	0.0884037300122	0.0175933396288	1972.29041198	1981.21248585	1996.4237585
0.154666911452	0.0608120260462	0.0200759852418	1987.58021879	1996.4237585
0.153496877064	0.0689706008801	0.00653564772307	1987.58021879	1996.4237585
0.134145958431	0.0935720131387	0.0189082474393	1988.01047916	1996.4237585
0.158805560853	0.0675427410688	0.0124869175283	1988.80411769	1996.4237585
0.155296825877	0.0667142036183	0.016287913888	1987.8073524	1996.4237585
0.118403942694	0.0675041336605	0.0269359961775	1989.1945516	1996.4237585
0.105184309659	0.0769615148762	0.0228612684488	1987.23692483	1996.4237585
0.149353668239	0.0883282936976	0.019366089359	1987.07095292	1996.4237585
0.132269395342	0.0832393545277	0.0132743822702	1987.44656623	1996.4237585
0.191030811322	0.157211113039	0.0734758736867	0.0100364213115	1983.56335656	1987.63137504	1996.4237585
0.133527765908	0.0807973462343	0.0133394153171	1987.46641853	1996.4237585
0.147716475454	0.0689282322545	0.00999786907237	1987.46641853	1996.4237585
0.271441355743	0.101909326509	0.0229266520874	1974.58664464	1996.4237585
0.128941925079	0.0943849902601	0.0171225194216	1983.7083058	1996.4237585
0.301885313255	0.0866750447101	0.0160331806102	1972.11803707	1996.4237585
0.160146235529	0.0746181966653	0.0132715672783	1987.54869075	1996.4237585
0.148482428602	0.0853818044191	0.0356443879218	1984.03160288	1996.4237585
0.177851828584	0.0541157542366	0.0185972351979	1987.89004678	1996.4237585
0.196538105968	0.0754542974046	0.0124372759224	1982.07356037	1996.4237585
0.190571246602	0.127915477129	0.0851169441041	0.0179086602825	1972.82785718	1988.82776119	1996.4237585
0.17189197896	0.0793329046724	0.0240891714337	1987.81961987	1996.4237585
0.177351228153	0.0637363347452	0.0209657430615	1987.13445134	1996.4237585
0.0938768393283	0.0132435803634	1996.4237585
0.168381390448	0.121727742245	0.0777411887397	0.0217820657414	1971.03872052	1985.31102715	1996.4237585
0.143719892069	0.0639547513984	0.0162754913572	1987.1851469	1996.4237585
0.163031934165	0.0981988955741	0.0696393288076	0.0177062210124	1983.43971178	1987.68061532	1996.4237585
0.174546399598	0.0453824679892	0.0591483737138	0.0231063891569	1987.16920221	1988.69394053	1996.4237585
0.334902130726	0.0792878916974	0.00768763856181	1973.01052683	1996.4237585
0.111184319897	0.0856897098294	0.07454337748	0.0139777111961	1985.94430245	1987.09303615	1996.4237585
0.139485523978	0.0802121613143	0.0170990259824	1987.72512773	1996.4237585
0.153134431551	0.0645228898853	0.0174390802664	1987.88478012	1996.4237585
0.115303076137	0.0666964400913	0.0151271763635	1987.88478012	1996.4237585
0.145445679643	0.0666277447763	0.00591144112353	1987.88478012	1996.4237585
0.0831497817073	0.139170291971	0.0628606609479	0.0132619449809	1977.98455303	1987.88478012	1996.4237585
0.15326894859	0.071470505401	0.00803171070082	1982.20747507	1996.4237585
0.158984020003	0.0646433008673	0.0166194836016	1987.29068259	1996.4237585
0.140046239198	0.0916338740256	0.0647471152258	0.022443533416	1975.85449483	1992.928477	1996.4237585
0.148758224788	0.0781846165394	0.0160302139967	1985.71066275	1996.4237585
0.186081397815	0.0882778935217	0.0231155232237	1984.28070822	1996.4237585
0.153543160203	0.0663360989742	0.0632780557418	0.0343168839699	1987.65880411	1992.81498274	1997.53508774
0.123236216123	0.0754658269747	0.0132170908718	1983.25632598	1996.77912561
0.128721320656	0.0713501966606	0.0115208331999	1984.84793641	1996.77912561
0.11142372512	0.0165935500901	1996.77912561
0.137047433369	0.0568602631148	0.0147981670049	1987.12493628	1996.77912561
0.0857787102804	0.0836832088252	0.0183890542661	1972.62658331	1996.77912561
0.127924544896	0.0527826158617	0.0107642178986	1987.61591942	1996.77912561
0.128366884572	0.136315271037	0.0735001923406	0.0243517260785	1969.4265764	1987.44027278	1996.77912561
0.0963699745258	0.0148645297274	1996.77912561
0.139324728857	0.0716096938095	0.0159583612907	1987.56062416	1996.77912561
0.144355142686	0.0753115088817	0.0144694182027	1987.56062416	1996.77912561
0.124275643006	0.166260780429	0.0760194430736	0.0181415723942	1986.08265565	1987.87030723	1996.77912561
0.125404614736	0.0803696356814	0.0123360756575	1991.31051266	1996.77912561
0.164345009505	0.0616967113807	0.0134722413631	1987.1793761	1996.77912561
0.124107334598	0.0736503593244	0.00946207170213	1987.71682507	1996.77912561
0.149569111183	0.0623840642291	0.0175523269819	1988.88218603	1996.77912561
0.306065147728	0.0795969789028	0.0265765983409	1973.79486188	1996.77912561
0.114131842014	0.0634900145279	0.0105523051527	1988.90859515	1996.77912561
0.13636811611	0.0516848840994	0.0103404862499	1991.22736099	1996.77912561
0.127354475158	0.0663373752822	0.0152427597539	1987.23213004	1996.77912561
0.153615391782	0.0680234948304	0.00937991332936	1987.23213004	1996.77912561
0.144098776666	0.047627589042	0.0191483698629	1991.58055171	1996.87658771
0.115803054534	0.101239251984	0.0157108061819	1981.4202795	1996.87658771
0.224344279076	0.100311957417	0.0117828577125	1972.55936883	1996.87658771
0.142024871665	0.0900851183299	0.0191553792654	1986.14194031	1996.87658771
0.126679733214	0.0561928192646	0.0148728377594	1987.12587702	1996.87658771
0.168917286191	0.0752163720393	0.0190825308561	1987.12587702	1996.87658771
0.173802318117	0.140154345501	0.0816690916152	0.0113416451757	1981.49857509	1987.12587702	1996.87658771
0.113461586037	0.122215538872	0.0613432674352	0.0171981201533	1986.01699451	1987.12587702	1996.87658771
0.100046866821	0.130411577229	0.0687671980052	0.0149481232291	1974.25019383	1987.12587702	1996.87658771
0.152902304846	0.0713281591202	0.0116900888902	1987.12587702	1996.87658771
0.133254549492	0.0681897602597	0.0125576509262	1987.12587702	1996.87658771
0.143515936121	0.0686843355188	0.0129503518495	1987.39374138	1996.87658771
0.135769510476	0.0715229441216	0.0189978202032	1988.99268098	1996.96186184
0.431927843219	0.0900696744146	0.0251433374274	1972.38942286	1996.96186184
0.161927368651	0.0680824251096	0.0148214460719	1983.48146454	1996.96186184
0.175965466741	0.0825388429583	0.0204120274654	1985.82484867	1996.31436378
0.153191179953	0.0766137746061	0.00749246359747	1987.34717915	1996.31436378
0.137205039297	0.0701739778046	0.0182719580611	1987.84856008	1996.31436378
0.157650224585	0.0903354967352	0.019880320816	1987.84856008	1996.31436378
0.158920237762	0.066718871701	0.0176089470162	1987.00195973	1996.31436378
0.111971225591	0.0722898199135	0.0133441543808	1987.50269212	1996.31436378
0.135800987459	0.0653275971146	0.0291049819339	1987.59519666	1996.31436378
0.50155195592	0.248196547257	0.108728456209	0.0699017152289	0.0187609376244	1969.58910041	1973.08806791	1987.59519666	1996.31436378
0.092668934404	0.0834168045174	0.012449424678	1993.16893289	1996.31436378
0.11491404041	0.059848079764	0.0139353889978	1991.02219177	1996.31436378
0.128413151254	0.141116794948	0.0736514022851	0.0175079576652	1969.77229359	1987.33326684	1996.31436378
0.175639987661	0.0833209303618	0.0151896738333	1984.67486996	1996.31436378
0.0958739566781	0.026420960956	1996.32418238
0.172392062332	0.0529548473918	0.0197476804565	1988.33054836	1996.32418238
0.417878345797	0.152053991619	0.0819213605001	0.0180168959054	1969.42332928	1984.29342259	1996.32418238
0.143185123551	0.0516374719832	0.00604932877892	1987.58338511	1996.32418238
0.120195543478	0.0682461480073	0.00689597578945	1987.64920031	1996.32418238
0.119718777467	0.0937970143428	0.0576079971005	0.0118138694024	1983.4536125	1991.60824219	1996.32418238
0.0890234876949	0.047154993435	0.00947393808742	1991.325919	1996.32418238
0.309579796704	0.114714779948	0.0555955951168	0.010701705323	1972.74073796	1991.92917503	1996.32418238
0.132040975109	0.0852341736102	0.0154803970741	1987.69223721	1996.32418238
0.136690255627	0.0667618871306	0.0162543224327	1987.8301433	1996.32418238
0.116561133991	0.0805130832256	0.0247939923041	1987.14448858	1996.32418238
0.125992827689	0.0759355079979	0.00697703087028	1987.55283279	1996.32418238
0.132192103269	0.0658218074764	0.02045918307	1985.30716543	1996.32418238
0.13194036456	0.0703934181959	0.0098733878105	1987.11063607	1996.32418238
0.133166161342	0.0763663368481	0.0138212240199	1987.11063607	1996.32418238
0.179473924505	0.0857078084328	0.0172806692621	1985.28681183	1996.32418238
0.158321469523	0.0772972995303	0.014364692126	1983.96843073	1996.32418238
0.147009176069	0.0747202540174	0.0113650593955	1987.01768397	1996.32418238
0.13734920548	0.0664659105005	0.00866336538984	1985.478578	1996.32418238
0.178418582806	0.0646196788221	0.0127161559793	1981.01932204	1996.32418238
0.117358792381	0.0636194601388	0.0255781096448	1987.76498605	1996.32418238
0.121942051501	0.0985996617276	0.016857189209	1984.80699624	1996.32418238
0.143573216758	0.0757158131169	0.0136336281808	1983.44854361	1996.32418238
0.16581321782	0.0638458526908	0.0137301768513	1987.60897617	1996.32418238
0.143398180122	0.054956582627	0.0101447837521	1987.3303723	1996.32418238
0.173611172221	0.0599325462482	0.0343838045932	1987.72393753	1996.32418238
0.154692372087	0.0820553441196	0.0102432538107	1987.72393753	1996.32418238
0.153557386412	0.0691154537933	0.0167160450607	1985.86575256	1996.32418238
0.174844857381	0.0760538405296	0.0199748913159	1985.88236432	1996.32418238
0.112419034258	0.0482290673835	0.0176883535073	1987.46422698	1996.32418238
0.145033009599	0.0539425424903	0.0239925874361	1987.46422698	1996.32418238
0.145169857351	0.068230560739	0.0182401074217	1978.11048316	1996.32418238
0.125779982558	0.0552522220156	0.0284268955215	1987.12763689	1996.32418238
0.158372070597	0.0910799303506	0.011147867505	1983.54969135	1996.32418238
0.183520632259	0.0727562919468	0.0115702939084	1986.54851138	1996.32418238
0.126905731229	0.0773537525474	0.0117228227361	1988.32518012	1996.32418238
0.13702168279	0.0760766667585	0.0103008157634	1987.86431689	1996.32418238
0.305212056261	0.120443514902	0.0781961614822	0.0104726358538	0.0202426954796	1978.88348286	1991.09128352	1996.32418238	1997.72716461
0.116698765303	0.152625774245	0.0774360525564	0.0121222867306	1972.8586674	1985.65179421	1996.32418238
0.162437610053	0.0677057480644	0.0148429066228	1986.40486029	1996.74824302
0.153360985561	0.0606832693208	0.0166745374815	1987.87863762	1996.79093541
0.14664979327	0.0628692213982	0.00721843592093	1987.87863762	1996.79093541
0.148576572748	0.03548437833	0.0585607065926	0.0105486545151	1987.87863762	1988.97761472	1996.79093541
0.13410121333	0.0699772251752	0.0142800680949	1985.92589572	1996.79093541
0.150540225585	0.0776612024572	0.0154663809586	1987.68239759	1996.79093541
0.183337103071	0.0667898525174	0.00959823416723	1987.68239759	1996.79093541
0.257914390568	0.116849960502	0.0614274664916	0.0271673456738	1980.42290662	1989.55692654	1997.87651433
0.116994816662	0.0827234787689	0.0213455038748	1987.58784695	1996.59343262
0.148369328487	0.0543060236242	0.0119780746764	1987.24045621	1996.59343262
0.130215600987	0.055634383104	0.0191158640264	1991.8673827	1996.47395403
0.134270694736	0.0720108971492	0.0139011438003	1987.70482499	1996.47395403
0.166191423448	0.0755555204661	0.0198395224215	1987.94620579	1996.47395403
0.112720724101	0.0616965066722	0.0139507022171	0.0113112063598	1987.82798307	1996.47395403	1999.27307616
0.110757157564	0.0667811792176	0.0106667458876	1988.47168216	1996.47395403
0.128935944791	0.0708862077618	0.00844681814286	1987.09797018	1996.47395403
0.120548470518	0.0740109557833	0.0217571262997	1983.66156761	1996.47395403
0.185659661494	0.133951620822	0.0649127297552	0.0183162547071	1972.13670794	1987.22932139	1996.47395403
0.128831991256	0.0547850708476	0.0223533288335	1987.93393021	1996.47395403
0.149470517982	0.0749997731557	0.017389504232	1987.18330859	1996.47395403
0.139491765451	0.0772556681047	0.0126771035973	1987.59379991	1996.61232621
0.389069359197	0.11613143766	0.0862386602719	0.00947790023683	1972.14783855	1988.54046187	1996.61232621
0.13311314541	0.0898650693745	0.0122237072026	1987.04693113	1996.61232621
0.167366106213	0.0678654821842	0.0182605535448	1987.04693113	1996.61232621
0.152018260092	0.091351042315	0.0604003823787	0.01908653608	1987.0783124	1990.14069648	1996.61232621
0.164168018227	0.0695724349566	0.0398099382184	0.0228679182328	1987.02238829	1993.63931506	1997.69624005
0.155461959573	0.0734651468091	0.00722085328603	1986.91467013	1996.80095392
0.266800839495	0.0942540610248	0.0381729693315	1972.64935964	1993.97002383
0.134702345892	0.0550834263109	0.0264670091798	1987.20829693	1995.32353293
0.214762386954	0.0860377385955	0.0147461180701	1980.50675397	1996.10415928
0.143107902138	0.0593077488572	0.0119076021469	1987.60737598	1996.10415928
0.143347277382	0.110862167638	0.079744224784	0.011256958817	1972.53500924	1991.10872766	1996.10415928
0.131440161187	0.0677446398793	0.0104504355265	1987.66879014	1996.10415928
0.119670593879	0.0396672377589	0.0212349854525	1991.29400965	1996.10415928
0.135759081986	0.0771245266547	0.014697460979	1987.97976933	1996.70666205
0.145263533737	0.0656460750823	0.0215752134764	1987.24168075	1996.70666205
0.12496035935	0.0691866276993	0.0133279380181	1987.24757502	1996.70666205
0.157625077456	0.0634265859294	0.0167304700557	1987.79672682	1996.70666205
0.154849044644	0.0504274662044	0.0309579613372	1991.52975375	1995.90738548
0.116761301975	0.0385354752618	1991.85021419
0.179675390849	0.119537202651	0.0590078503294	0.0190275005508	1983.31890693	1991.59617132	1996.01096268
0.10223571738	0.0246558869617	1996.01096268
0.144644457998	0.0634891262129	0.0156711879076	1987.41263603	1996.01096268
0.133625181205	0.0637259814939	0.00912790477954	1987.71954674	1996.01096268
0.155981195347	0.0739579862384	0.0146087747382	1987.71954674	1996.01096268
0.152702758142	0.0655511994383	0.0220863130188	1987.81818338	1996.01096268
0.110951065225	0.0517734095975	0.0138633670421	1987.96145186	1996.01096268
0.105835759196	0.0713806442777	0.0147444058822	1987.47327915	1996.01096268
0.127848702795	0.0776858112922	0.0128191955262	1987.47327915	1996.01096268
0.128476510304	0.155351988203	0.0696532721702	0.0173785480133	1979.85581715	1987.1830012	1996.01096268
0.224215161581	0.0988183882368	0.0169439797381	1972.65325435	1996.01096268
0.138806728626	0.0769869544186	0.0137584558472	1987.62328368	1996.01096268
0.105330414165	0.0866994902139	0.0114825553331	1983.35352684	1996.01096268
0.138717173433	0.0727315658181	0.0142699188764	1987.76242319	1996.01096268
0.134681768687	0.0699694983892	0.0104956129293	1987.76242319	1996.01096268
0.151664630293	0.0692637316924	0.0175166237395	1987.95321597	1996.01096268
0.230067658704	0.143332001915	0.0781924710451	0.0280823340609	1972.29298221	1988.01382794	1996.36043856
0.15069800722	0.0782053681026	0.0253249592312	1983.59788282	1996.36043856
0.0964772214636	0.00626318890372	1996.36043856
0.15810909882	0.0878955691906	0.0631075573322	0.0280446795472	1983.62973915	1987.70783351	1996.36043856
0.527826628867	0.0954577050751	0.0660702079141	0.0142715141333	1971.92060102	1984.02672717	1996.36043856
0.169761777305	0.0688713733743	0.0108971902966	1985.00052227	1996.36043856
0.126135935706	0.063960246193	0.0204755636391	1987.19320936	1996.36043856
0.131294714288	0.0766524201078	0.0230005605275	1987.53111389	1996.36043856
0.137732302037	0.0892384750744	0.0136776163141	1983.32585725	1996.36043856
0.129683008074	0.0647737615755	0.0142885724847	1991.70399241	1996.36043856
0.133872170476	0.0929386079634	0.00646241575795	1990.19826417	1996.36043856
0.174446731543	0.0805685421476	0.0171483869194	1984.21033485	1996.4468778
0.128829719925	0.0733349756412	0.016804846821	1987.15012641	1996.4468778
0.206154150017	0.0785057274465	0.0222743656723	1983.14918422	1996.4468778
0.421706126653	0.12840823187	0.0838986534254	0.00807152938188	1972.15060328	1985.88625871	1996.4468778
0.196090972831	0.0896560745607	0.0673690473024	0.010407661808	1973.9713825	1986.35605796	1996.4468778
0.141121243412	0.0813366163086	0.0188906425076	1982.43700648	1996.4468778
0.115891528946	0.0601477038303	0.0174401613098	1991.50215825	1996.4468778
0.173402910091	0.0687507703055	0.0154898530624	1985.90413068	1996.4468778
0.154927517747	0.0589467852904	0.0150914914082	1987.68708038	1996.4468778
0.110269609703	0.0504467009125	0.0126147026569	1987.68708038	1996.4468778
0.130645821089	0.060918638154	0.0272517414462	1987.68708038	1996.4468778
0.106006904416	0.0641177618073	0.0149566004638	1987.04931246	1996.4468778
0.143697578427	0.0832192753024	0.048774384981	0.0134190551894	1987.95245897	1992.36579445	1996.4468778
0.157670563264	0.0728649679497	0.0195886390196	1983.84151424	1996.4468778
0.128544902742	0.0673843263143	0.013312611895	1988.84800905	1996.4468778
0.117968276829	0.0834014478627	0.0133878038966	1987.36392269	1996.4468778
0.251769747726	0.0718645833988	0.0139520497419	1973.90523688	1996.4468778
0.33409079646	0.127881201567	0.0662267238379	0.0122150984449	1972.59109084	1987.6136884	1996.4468778
0.167765264211	0.139358174967	0.0662288887809	0.0100575261928	1984.11509675	1987.6136884	1996.4468778
0.141832053206	0.0828714146383	0.0109457997088	1987.28572865	1996.4468778
0.15426173689	0.0793126254753	0.00713514077634	1985.74920542	1996.4468778
0.12427331848	0.0849622965572	0.0701474504812	0.010564397542	1984.02182863	1993.53582663	1996.4468778
0.140744783189	0.104355025089	0.0659606365158	0.0202686984102	1982.2093682	1991.30536701	1996.76022447
0.146212261572	0.0633770164043	0.0187466557664	1987.47589191	1996.76022447
0.203033508044	0.0641125925471	0.0564380026551	0.0234936216326	1987.47589191	1993.42376269	1996.76022447
0.150335403349	0.0759721386553	0.0192220064758	1987.47589191	1996.76022447
0.300352887627	0.100824743924	0.0737537890703	0.0106536501558	1973.34643272	1991.73592279	1996.76022447
0.125218105641	0.0562221324723	0.0135755664243	1991.78824888	1996.76022447
0.188278898881	0.0790348245522	0.0117231237822	1973.73461763	1996.76022447
0.129177972779	0.0681432180021	0.0220843039777	1987.96126655	1996.76022447
0.105615778529	0.049496987145	0.01001142335	1991.63902106	1996.76022447
0.174072291881	0.0807591867124	0.0099773662266	1984.73614402	1996.76022447
0.115999104109	0.0682425506678	0.0111552038115	1987.4844196	1996.76022447
0.142017276583	0.0557390260878	0.0190311598407	1987.4844196	1996.76022447
0.131456416462	0.073558837904	0.010801821356	1987.4844196	1996.76022447
0.120871350952	0.0803238166827	0.0148716436473	1987.13702546	1996.76022447
0.123041437408	0.0662962769544	0.0136619211904	1987.13702546	1996.76022447
0.129499412308	0.0621768713335	0.0145274542738	1987.91143127	1996.76022447
0.140888642863	0.0704362867767	0.0139431230775	1987.01807497	1996.76022447
0.121654134339	0.0907209755298	0.00682369969144	1986.9951726	1996.76022447
0.15353092992	0.0756200387573	0.00960568538583	1986.3981378	1996.76022447
0.160107820731	0.0764379273301	0.00623300365829	1985.28065611	1996.76022447
0.153907610397	0.095997486166	0.0112855254194	1978.5052582	1996.76022447
0.141881752321	0.0754883839193	0.0123663303595	1987.3241074	1996.76022447
0.140833616656	0.0674543188826	0.0109582711355	1987.46213888	1996.76022447
0.131602955738	0.061692108614	0.0123071261238	1987.20330783	1996.76022447
0.187831035945	0.0635395385214	0.0158356233188	1987.54092325	1996.76022447
0.118793567541	0.100697071253	0.0686529330242	0.0131236054499	1977.96768997	1985.31992757	1996.76022447
0.1465812683	0.0796504798815	0.0118585948609	1987.10420706	1996.76022447
0.141859602455	0.13409137446	0.0876016837451	0.0114861911886	1979.59305064	1984.94244165	1996.76022447
0.160335982843	0.0637612044137	0.0114247335119	1983.81824058	1996.76022447
0.15802763357	0.0695135421347	0.00887285753211	1987.4637336	1996.76022447
0.13843440878	0.0597952336467	0.0147829722447	1987.48145733	1996.76022447
0.117281887813	0.0728090054001	0.0121241680015	1987.48145733	1996.76022447
0.166808851148	0.0747228559569	0.0133670480132	1980.98698838	1996.76022447
0.148337440348	0.0813189024863	0.00934266559364	1987.20218413	1996.76022447
0.124396557461	0.0967836515471	0.0140402871514	1974.40437869	1996.76022447
0.152679425756	0.0829935395057	0.0176434014772	1987.28515373	1996.76022447
0.11118423215	0.0743490514093	0.0149061945968	1987.28515373	1996.76022447
0.14639520174	0.0762159250553	0.0143875627017	1981.18343829	1996.76022447
0.153998515512	0.0751616921776	0.0162040945852	1987.44592673	1996.76022447
0.394961922256	0.168470057553	0.150230032255	0.077452871242	0.0107629863406	1971.06579486	1978.62724559	1982.7159208	1996.76022447
0.148141085812	0.0682789584724	0.0207171281613	1987.47132779	1996.76022447
0.145852286607	0.0744526972944	0.0132631835984	1987.10398924	1996.76022447
0.172789071338	0.142154426208	0.0781481436977	0.0211505171797	1972.81886184	1987.10398924	1996.76022447
0.152727043007	0.108269744192	0.0778292705288	0.0239004010575	1987.97833353	1990.2301544	1995.44255092
0.164383843148	0.0636595433455	0.0105336277497	0.0278019269692	1986.91775319	1996.6785487	1999.1073887
0.430709279419	0.161374061521	0.0854899902201	0.0153826612926	1971.98296277	1983.27039047	1996.6785487
0.158655535114	0.0868274060475	0.0139694526424	1987.42244123	1996.6785487
0.238679887647	0.158357220432	0.0667872069408	0.0091175515101	1970.33023972	1987.42244123	1996.6785487
0.108930179811	0.0636563134091	0.012054905736	1990.88231468	1996.6785487
0.174867073011	0.0711012165433	0.0611187180405	0.012055137212	1987.66408222	1994.48561943	1996.6785487
0.150099161271	0.0620236184651	0.023876155393	1987.83315239	1996.6785487
0.14641239135	0.061699594575	0.00947584686409	1987.23718031	1996.6785487
0.143002629757	0.0709533524799	0.012855755834	1987.23718031	1996.6785487
0.134905313582	0.0611082691941	0.014546097086	1987.3001413	1996.6785487
0.0936701500108	0.0121573597343	1996.6785487
0.183632129519	0.0648305343342	0.0160641110194	1987.50718268	1996.6785487
0.148565574469	0.0783480695531	0.0239355173979	1983.51326177	1996.6785487
0.153856421793	0.0685255447301	0.0102597699343	1987.0058026	1996.6785487
0.332219007342	0.119321296465	0.0681719153665	0.0274911021255	1969.03546796	1987.0058026	1996.6785487
0.151827491913	0.070384849881	0.0146779289448	1987.35708525	1996.6785487
0.118626559795	0.0473239161713	0.071983604225	0.0145547470257	1987.82857255	1991.90743816	1996.6785487
0.147497577693	0.0704540482949	0.0153233770909	1987.25316057	1996.6785487
0.116669906137	0.0658177797432	0.00861650869865	1987.00433269	1996.6785487
0.162647009998	0.0551791554503	0.0140252280008	1987.00433269	1996.6785487
0.170832906607	0.0681526151149	0.016852995425	1983.38336722	1996.6785487
0.117294252664	0.0970224792912	0.00608557382593	1977.82275714	1996.4935543
0.134577220439	0.0676762820315	0.00944136787042	1987.77513952	1996.4935543
0.135881163414	0.0813874171429	0.0199369753553	1987.77006241	1996.4935543
0.115327822588	0.00808304633931	1996.4935543
0.198482895262	0.0884662712874	0.00828845632466	1973.98566775	1996.4935543
0.140154568461	0.0657138619031	0.0137839468281	1987.19167364	1996.4935543
0.121342818264	0.0669380535623	0.0152862761833	1987.89906021	1996.4935543
0.146704116028	0.0827205058335	0.0125792946913	1984.26880976	1996.4935543
0.240469706034	0.0914426675104	0.015097487126	1979.73742178	1996.4935543
0.133405248469	0.0610387197199	0.013262540225	1987.34243321	1996.4935543
0.109677322784	0.0642893009283	0.0159403607665	1987.28430424	1996.4935543
0.115868335604	0.0730315508755	0.0140060384697	1987.28430424	1996.4935543
0.137977153372	0.0786487375256	0.0109187271852	1985.49967935	1996.4935543
0.180733609216	0.0999392438152	0.0613427825152	0.00758512753779	1971.19110111	1987.62580525	1996.4935543
0.117031776658	0.0876264533426	0.0098836023731	1989.52840114	1996.4935543
0.121312224345	0.0766965974372	0.0187380307338	1988.13879273	1996.4935543
0.117069732667	0.0739057205382	0.0213812633798	1986.36191824	1996.4935543
0.155630477703	0.0545312357061	0.00872388728534	1987.27326575	1996.4935543
0.322384337319	0.0945483268177	0.0426383374542	0.0104501720974	1972.24196862	1993.55095867	1996.4935543
0.313828578382	0.130389788824	0.0692006496213	0.0195231819736	1971.00425047	1987.27269174	1996.4935543
0.168196409664	0.0747931670275	0.00779755803017	1983.93798916	1996.4935543
0.176393105636	0.0783554886931	0.0238687023308	1983.7490404	1996.4935543
0.166038452118	0.0703920300334	0.021414858248	1983.94558872	1996.4935543
0.142961840326	0.0769330798694	0.0171934128471	1985.92248852	1996.4935543
0.135610188405	0.0638169095309	0.00783367626796	1988.83562599	1996.4935543
0.139070774933	0.0653208708358	0.076789661044	0.0163237085059	1987.1708878	1993.0280506	1996.4935543
0.357964109028	0.135071620269	0.101773578699	0.0173292687528	1971.90197965	1985.09162913	1996.4935543
0.140706908328	0.0660060355191	0.0258327870781	1987.78436782	1996.4935543
0.145469851762	0.0941700492752	0.0130436307874	1987.4580829	1996.4935543
0.133802365075	0.0615060837924	0.0166094639594	1987.4580829	1996.4935543
0.149818026841	0.0828911043619	0.0137886863855	1985.76043814	1996.4935543
0.122580976864	0.0659407172032	0.0156148189842	1991.25209512	1996.4935543
0.194984744128	0.105918673961	0.0718469106113	0.00976230915626	1973.50489316	1992.50954812	1996.4935543
0.147314930924	0.0807703837253	0.00973280091283	1986.94994549	1996.4935543
0.171080834166	0.0559216893766	0.00801331034043	1987.90142549	1996.4935543
0.132129756822	0.0748018942044	0.00974015690942	1987.92499598	1996.4935543
0.617097385367	0.142521081795	0.0684117272754	0.00910726761475	1969.34808414	1987.07281959	1996.4935543
0.0949680439681	0.0348004659212	1995.6015081
0.245938779218	0.123209327343	0.0540808670422	0.0187712497912	1971.52418751	1991.9284537	1996.8677654
0.523671876487	0.105479517481	0.0564788095655	0.0124162918405	1969.74648116	1991.30357575	1996.8677654
0.293636130663	0.133952399832	0.0749334577865	0.0166658623362	1973.4532891	1988.80792991	1996.8677654
0.126200925121	0.0747087832829	0.0197109156271	1987.82878828	1996.8677654
0.157921030986	0.0738447979789	0.0125666583429	1987.41366315	1996.8677654
0.165559189152	0.0727162251421	0.0276336190257	1983.02759583	1996.8677654
0.162896619121	0.0636262647097	0.0186471651433	1987.51619908	1996.8677654
0.11455841612	0.0651574017555	0.0149972950829	1991.10676133	1996.8677654
0.143244176841	0.0747304161574	0.00677421888373	1987.76665618	1996.8677654
0.10867306694	0.123954614323	0.0581691548769	0.0175787906326	1976.39051652	1987.76665618	1996.8677654
0.15070068756	0.0523066194273	0.00640824542276	1987.8999645	1996.8677654
0.169339859349	0.076521928277	0.0125852968591	1983.2271615	1996.8677654
0.129228714228	0.0785046414676	0.0101423054082	1988.40075088	1996.8677654
0.139462834593	0.0622962627159	0.0130362343295	1991.41444307	1996.8677654
0.160399431914	0.0749095977384	0.0108023199086	1987.52010829	1996.8677654
0.32671803355	0.105686702847	0.06748673596	0.0167446218558	1973.15646697	1987.52010829	1996.8677654
0.118179380793	0.0726471264847	0.00886898606664	1987.52010829	1996.8677654
0.171481707775	0.0672933561757	0.00963735605259	1987.62737956	1996.8677654
0.0996023802455	0.0143819764321	1996.8677654
0.375573980763	0.094133885494	0.0535946611086	0.0225509758108	1969.3952446	1991.47876488	1996.8677654
0.123690850354	0.0603880385769	0.021436439393	1987.76325175	1996.39001111
0.161494350445	0.117636192348	0.0649263693808	0.0271728455712	1983.59318411	1991.74197909	1996.39001111
0.135880368946	0.0597659367751	0.0147522272812	1987.7685989	1996.39001111
0.180680140453	0.0708617412051	0.0229620091834	1987.74449573	1996.39001111
0.189981911407	0.077878755586	0.0117455610083	1987.74449573	1996.39001111
0.186824617102	0.113813194419	0.0827094399143	0.0131949346471	1983.89967681	1984.94236317	1996.39001111
0.117875713646	0.0709982881919	0.0230723394736	1987.15544526	1996.39001111
0.126390958828	0.0623509727011	0.00928958698399	1987.15544526	1996.39001111
0.165133733959	0.0616220407871	0.0185044084006	1987.59763392	1996.39001111
0.140866686729	0.0790911974267	0.0210484858555	1987.24851067	1996.39001111
0.174164380615	0.0664946792431	0.011741668649	1987.76889119	1996.39001111
0.1725474085	0.0762407229046	0.0267588277216	1987.77973588	1996.39001111
0.162958417664	0.0661798997966	0.00667640843428	1985.12506466	1996.39001111
0.154964754894	0.158256880335	0.0688583102163	0.011789279758	1971.36522042	1988.03670464	1996.39001111
0.188586125799	0.117376668467	0.0814178699558	0.010618144404	1971.99352764	1987.56231548	1996.39001111
0.132660674463	0.0548994307719	0.0174674326837	1987.18261441	1996.39001111
0.122819258752	0.0620522721075	0.00798332484485	1987.65411314	1996.39001111
0.128543077156	0.0598748213939	0.017971148305	1987.65411314	1996.39001111
0.137683845736	0.0666289865656	0.0255934076793	1987.65411314	1996.39001111
0.141206193143	0.0648573379386	0.0165415554693	1987.95779334	1996.39001111
0.130187782237	0.0753161520154	0.0198404487423	1987.85428085	1996.39001111
0.134612965181	0.144647578249	0.0869827946076	0.0155320400843	1981.88264451	1984.05349257	1996.39001111
0.121870013194	0.0653148046556	0.0189421961538	1987.63371224	1996.39001111
0.120509562573	0.0733930507516	0.022313108551	1987.80867046	1996.39001111
0.172358367449	0.0818466284988	0.0292812399963	1986.56336287	1996.95730128
0.157340310263	0.0614960432146	0.00788539905257	1987.88102992	1996.95730128
0.115743597819	0.0736923570954	0.00920881188797	1987.98137936	1996.95730128
0.179536055923	0.0820959763778	0.00831807601476	1983.50540079	1996.95730128
0.109045813037	0.124345014843	0.0974053606775	0.00628578484159	1973.43309069	1987.5088605	1996.95730128
0.174204184741	0.0751594798469	0.0159652749357	1983.14415305	1996.95730128
0.114129898986	0.0121132801501	1996.95730128
0.128778680201	0.0526647151328	0.0110711214435	1991.46376526	1996.95730128
0.146292837621	0.0679855507325	0.00853007588327	1987.64961679	1996.95730128
0.143857372384	0.0966343871717	0.0877852137308	0.0136514536452	1975.09501008	1991.84457703	1996.95730128
0.158418926248	0.0820930393945	0.0148479742814	1983.57181463	1996.95730128
0.15481988195	0.0744032525556	0.016846624992	1986.12311152	1996.95730128
0.146178469284	0.085268411586	0.0121203053627	1981.32385106	1996.95730128
0.149528411839	0.0631173342586	0.0103951742995	1987.56085544	1996.95730128
0.14241646329	0.0740631703337	0.0194231771419	1986.65991599	1996.95730128
0.128159542368	0.0581451820348	0.0145447705648	1988.26820811	1996.95730128
0.241774858558	0.0876059977171	0.0234502685434	1979.79004757	1996.95730128
0.152211562435	0.0806169460774	0.0219229999532	1985.08064709	1996.95730128
0.245921645984	0.135308251427	0.0770043248772	0.0118948757826	1972.81952889	1987.65300241	1996.95730128
0.138731805428	0.0529341361798	0.0112207828333	1986.48858659	1996.95730128
0.305675297624	0.11125256157	0.0660302682949	0.0186822734573	1973.41183801	1987.98820689	1996.95730128
0.17223465986	0.0636933022631	0.0174790304575	1987.67575051	1996.95730128
0.10588796704	0.125606248213	0.0366604372285	0.0747956720749	0.0154438136259	1974.38224738	1987.85254521	1989.35821452	1996.95730128
0.112307107491	0.0731236281071	0.00693558145944	1987.53471598	1996.95730128
0.300932735075	0.0908450891304	0.0199672906555	1972.59627766	1996.95730128
0.145702100663	0.0616196802648	0.0160725214303	1987.75794817	1996.95730128
0.305090100044	0.107136084204	0.0757115474403	0.0162182529959	1972.3365122	1988.80715326	1996.95730128
0.146892917802	0.073473506996	0.0862928787277	0.0123921024639	1987.51016478	1994.03291931	1996.95730128
0.12835937744	0.0764427283524	0.0217045168789	1987.08823136	1996.95730128
0.131974982985	0.0757367420168	0.0159668248167	1987.26564884	1996.95730128
0.111235534262	0.0664126502485	0.0212133031219	1987.00412044	1996.95730128
0.155326485665	0.0559779158127	0.0151463699419	1987.17035948	1996.95730128
0.129715218175	0.0794726483047	0.0100600846572	1987.17035948	1996.95730128
0.125692490447	0.0574286099118	0.00833218090576	1987.17035948	1996.95730128
0.13700362728	0.0678293194538	0.0107465435971	1987.17035948	1996.95730128
0.165268919994	0.0647987333098	0.0118030865557	1987.05148943	1996.95730128
0.142356095546	0.0830842360695	0.0174465967667	1987.05148943	1996.95730128
0.162920530536	0.0791657578944	0.0189188744524	1987.01413177	1996.95730128
0.115352618444	0.0619362326269	0.0169905256785	1987.01413177	1997.25787101
0.153586654706	0.0652069059461	0.0146581714742	1987.67529032	1996.12370229
0.154127409506	0.076206893698	0.0212668594533	1987.60897608	1996.12370229
0.109951503589	0.0697066191984	0.0145875893358	1988.75846834	1996.12370229
0.161229348126	0.0664897829948	0.00758981312509	1982.03110253	1996.12370229
0.205413212341	0.0981793269891	0.0136466624778	1979.51014407	1996.12370229
0.148941490157	0.0738774918322	0.00708690221612	1987.87823675	1996.12370229
0.126664492295	0.0651185264106	0.022302950441	1987.41542777	1996.12370229
0.133073033003	0.0679509318341	0.0194369496851	1987.29132092	1996.12370229
0.173639878467	0.0821699521927	0.0129255554391	1983.17808845	1996.12370229
0.131840751791	0.0773721280526	0.0119285202963	1987.33194377	1996.12370229
0.1249863707	0.0685857769787	0.0722371020371	0.0164358456571	1987.17120451	1988.84010506	1996.12370229
0.138929736988	0.0837141778761	0.00803791528818	1988.78317846	1996.12370229
0.103427437917	0.05215026131	0.0161879044222	1991.35896018	1996.12370229
0.167421012624	0.0716301926366	0.0143298715939	1987.55611671	1996.12370229
0.144902321449	0.0933234988382	0.0162091261077	1984.83357505	1996.12370229
0.310047581279	0.0924739821173	0.0136314283228	1973.07898762	1996.12370229
0.164506413401	0.0995143370631	0.00954935435599	1970.07028125	1996.12370229
0.130575535992	0.0698856538484	0.0136792196265	1987.33447827	1996.12370229
0.118396302446	0.0701586242492	0.0181438136963	1986.19536118	1996.12370229
0.140046179582	0.0720493535253	0.0288216834736	1987.45640119	1997.03717311
0.285355595829	0.125791098988	0.0592745299556	0.0176939260357	1972.97592571	1987.80754856	1996.83491812
0.158390035606	0.0753450323031	0.0190323819973	1987.80754856	1996.83491812
0.0909179959309	0.0171734602057	1996.83491812
0.139951094276	0.0615387494785	0.00969010924676	1987.10809203	1996.83491812
0.136925906749	0.0700660857783	0.0250993502564	1987.16505212	1996.83491812
0.168702840641	0.156343163779	0.0827613027875	0.00403897177484	1969.96886667	1987.05765911	1996.83491812
0.135740076191	0.0628482946904	0.0148226794867	1987.05765911	1996.83491812
0.18298941704	0.0645076568789	0.0196757248265	1987.57272548	1996.97502404
0.209121846904	0.0886589934183	0.0094190715607	1983.29745814	1996.97502404
0.157981462123	0.0869668594612	0.0570198663939	0.0218068796794	1983.19294487	1992.33176493	1996.97502404
0.101537943427	0.0679756997309	0.00944636739224	1987.87213319	1996.97502404
0.157497032157	0.0674143858345	0.026189456157	1987.14456105	1996.77921961
0.154845269502	0.0605412707313	0.0175228739599	1988.98387429	1996.77921961
0.165007931351	0.0545996143292	0.0233347564275	1987.40563274	1996.77921961
0.159894212633	0.149706876275	0.0888898552674	0.0143648436012	1985.4277407	1987.02179981	1996.77921961
0.183118772706	0.0751143877321	0.0174853762183	1987.02179981	1996.77921961
0.163260035829	0.0812400502524	0.0114578599176	1984.47272843	1996.77921961
0.145749599207	0.0877932678451	0.017908467135	1982.23394465	1996.77921961
0.13810035008	0.0775322364101	0.0118353659438	1984.75294023	1996.77921961
0.15266334339	0.0735614970487	0.0135705600079	1987.50369072	1996.77921961
0.14514385679	0.0684089583182	0.0106523848768	1987.50369072	1996.77921961
0.152407343461	0.103103167788	0.0203132380799	1978.17813195	1996.77921961
0.225178265106	0.114234253494	0.064824155959	0.0173826476873	1974.60063379	1991.65244106	1996.58496699
0.143240305214	0.0781080382968	0.00829999260816	1987.81366343	1996.58496699
0.167312765088	0.0573908273452	0.0140030015219	1991.72994985	1996.58496699
0.137710009254	0.0650661084555	0.0084132518485	1987.18204538	1996.58496699
0.185416543579	0.0839069954646	0.0142855987824	1984.75101591	1996.58496699
0.115677656559	0.0723407844435	0.0170907335172	1987.41386939	1996.58496699
0.106093630031	0.0714107500163	0.0152503862859	1991.36390434	1996.58496699
0.177944414782	0.0785678008471	0.010811616735	1987.63448585	1996.58496699
0.191329674857	0.0806719606064	0.0130035318828	1984.67476069	1996.58496699
0.15857552683	0.086994450546	0.0693124165873	0.00878206000089	1985.72300042	1987.65018819	1996.58496699
0.135314826155	0.0696581308643	0.0150781291813	1987.41142576	1996.58496699
0.104957184302	0.0902955527757	0.0126998005186	1981.96167995	1996.58496699
0.120342212636	0.0706598423392	0.0216004779676	1987.76666915	1996.58496699
0.133371974323	0.0683173346541	0.0139134139206	1987.40111137	1996.58496699
0.104880249267	0.0169107532228	1996.58496699
0.116577955542	0.0763782071868	0.0111390069622	1987.37660568	1996.58496699
0.11085668727	0.0387117356581	1991.27355404
0.143485793497	0.0554614106872	0.0134406056792	1987.99311535	1996.22220499
0.18872899452	0.0750228110387	0.0119320893704	1985.07733522	1996.22220499
0.166613297869	0.0726041786953	0.00772294972887	1987.22461195	1996.30880006
0.146442293367	0.0766634116336	0.0125479636145	1987.22461195	1996.30880006
0.127040173839	0.0753571836684	0.0205625566892	1987.22461195	1996.30880006
0.169400087508	0.0902633861747	0.00538459080365	1987.92579606	1996.30880006
0.111147547468	0.06514720214	0.0163819636176	1987.92579606	1996.30880006
0.141548511734	0.0691150371678	0.00783592577072	0.01198500766	1985.90508517	1996.30880006	1997.78101088
0.240666965062	0.0991010317762	0.0157872884543	1974.48048496	1996.30880006
0.089435550928	0.134064400551	0.0705805346026	0.0107915699983	1971.67710731	1987.33461055	1996.30880006
0.122203156809	0.0869808748304	0.0239310988476	1986.22737551	1996.30880006
0.169607420262	0.0800984761375	0.0154354488397	1973.17635017	1996.30880006
0.151709222437	0.0677074916142	0.011974248071	1988.44350598	1996.30880006
0.16942465531	0.0663502413076	0.0117494184594	1987.31926943	1996.30880006
0.173588896093	0.0977144917534	0.0167779512732	1985.54560457	1996.30880006
0.129050765503	0.0801928808872	0.00708216498142	1984.0442074	1996.30880006
0.155405139605	0.0793083379953	0.0179865477771	1987.72199531	1996.30880006
0.114213601648	0.00991995903195	1996.30880006
0.194965873948	0.0785697520225	0.00899258557672	1983.2960422	1996.30880006
0.187315616411	0.0741076620209	0.0158373207027	1987.98234456	1996.30880006
0.155215649963	0.0640210980018	0.0250949856059	1987.91896755	1996.30880006
0.122866526678	0.0627630343667	0.0224192352489	1991.55635959	1996.30880006
0.121821451467	0.0568874429177	0.019628772294	1987.07561092	1995.01373218
0.125558113609	0.0810026225532	0.0115391636146	1987.07561092	1996.87255351
0.0864476859117	0.0156400208298	1996.87255351
0.126466086011	0.062629420014	0.0101307756706	1987.59085208	1996.87255351
0.165742188418	0.0632914090166	0.00808344240628	1987.22526755	1996.87255351
0.149623979667	0.0758388614343	0.0104185573453	1983.641976	1996.87255351
0.146106063451	0.0726084001204	0.0136799971297	1987.21938194	1996.87255351
0.186573170829	0.18524071655	0.0619903868353	0.0121839490937	1971.65405331	1987.69686018	1996.87255351
0.120832412891	0.0630187724508	0.00858673137141	1987.69698975	1996.87255351
0.165356274981	0.0717375815862	0.0202777840185	1987.69698975	1996.87255351
0.125842004507	0.0554902855675	0.0272384237926	1986.20187087	1996.87255351
0.145913459814	0.117832408091	0.0354512010964	0.0114685510447	1979.60307124	1991.87345937	1996.87255351
0.162763285381	0.0673214305583	0.0109662067995	1987.39962734	1996.87255351
0.138261713205	0.0645884224063	0.0107153445551	1987.80184356	1996.87255351
0.236488142085	0.10106547949	0.0167622807983	1973.02419946	1996.87255351
0.174433440461	0.167364709352	0.0740942680083	0.0278832982877	1974.41003635	1983.65455526	1996.87255351
0.115803886144	0.0823803980049	0.0135058261849	1987.06353887	1996.87255351
0.175430742661	0.0676879775582	0.0166328015463	1987.59120331	1996.87255351
0.313695899494	0.0919207732054	0.012985869622	1973.64108604	1996.87255351
0.1773625082	0.0642028840267	0.0158302718071	1987.2047175	1996.87255351
0.145977025396	0.0606558742655	0.00965487854498	1987.2047175	1996.87255351
0.111134524095	0.0676164286884	0.017345566271	1987.54508395	1996.87255351
0.131882449195	0.0684923431991	0.0218154377837	0.01065236263	1987.80930851	1996.87255351	1998.91161022
0.307053347172	0.145542272894	0.0701524086271	0.00561903619539	1973.33403538	1987.66582455	1996.87255351
0.132635373014	0.0800915944032	0.00910066214321	1987.90615937	1996.87255351
0.135541787759	0.0553273195219	0.00807150090383	1987.90615937	1996.87255351
0.135823735364	0.083660465678	0.0115373689919	1987.90085928	1996.87255351
0.165831322783	0.0730126124323	0.0207311779095	1987.72110659	1996.87255351
0.134836408864	0.0816751343733	0.00733754851028	1985.79745116	1996.87255351
0.0939775294026	0.0523101497275	0.017529211219	1990.09606371	1996.87255351
0.141642300444	0.0554827290371	0.0575263048368	0.0212078911335	1987.5758437	1991.88975937	1996.87255351
0.15120181799	0.0683502169643	0.0195214706433	1987.5758437	1996.87255351
0.169617939898	0.0733032371449	0.010261234939	1987.5758437	1996.87255351
0.160230271761	0.119536888732	0.0632748930563	0.0121810696453	1972.38322039	1987.5758437	1996.87255351
0.10340538746	0.0459187330763	1991.33909418
0.133476689318	0.0409441210676	1991.25091787
0.120571790392	0.0801914567027	0.0200130911715	1991.86649495	1996.31129722
0.147522340128	0.0681225458061	0.0195877196517	1987.26336434	1996.31129722
0.100438194103	0.124074139841	0.0619359589083	0.0249926115589	1976.31671862	1991.53192992	1996.31129722
0.153017796652	0.0532012465944	0.0171563921903	1987.03179882	1996.31129722
0.181700307274	0.0768425195593	0.0159712948185	1983.09239941	1996.31129722
0.119724083373	0.0682992410531	0.0103874608693	1987.45804395	1996.31129722
0.242067559117	0.103392043944	0.128003835756	0.141476003592	0.0755717174216	0.0181727951008	1971.63629583	1976.69157809	1985.9844122	1987.70453778	1996.31129722
0.0808542257987	0.0155040569566	1996.31129722
0.125937717481	0.144498312563	0.0629301269733	0.0121329329735	1977.60242508	1987.93532436	1996.31129722
0.173148746701	0.0656128918114	0.0132249410151	1987.93532436	1996.31129722
0.130699263711	0.0621620300466	0.0145055954318	1987.66236943	1996.31129722
0.136207084622	0.0656934431545	0.0180653498011	1987.88002928	1996.31129722
0.150183829319	0.0791457491605	0.00896492768496	1988.36343556	1996.31129722
0.132611843861	0.0747388711728	0.0100819165961	1987.09259819	1996.31129722
0.145355053336	0.0714734258883	0.0145495668502	1987.09259819	1996.31129722
0.160217395076	0.0849349448861	0.010098189628	1972.70631626	1996.31129722
0.145432246566	0.075452436503	0.0172023636262	1987.73596351	1996.31129722
0.176055227084	0.0505594751265	0.0116813688868	1987.09418328	1996.31129722
0.402326189767	0.144478521257	0.0668468063663	0.017582397618	1973.30829737	1987.49478155	1996.31129722
0.147604739656	0.0736564769238	0.0155898902708	1987.44000375	1996.31129722
0.149363411931	0.0923547151206	0.0444922836422	0.00944516797421	1987.44000375	1993.29727404	1996.31129722
0.128591530279	0.0671668524826	0.0136351942447	1988.91116727	1996.31129722
0.134406226971	0.114426403504	0.0748565645723	0.00971393029216	1973.37044148	1987.34620092	1996.31129722
0.165967980309	0.0950257529542	0.0198981946157	1988.99896178	1996.18696831
0.110110674525	0.0755662637977	0.0127091685067	1984.69836049	1996.18696831
0.164956464907	0.0821571363475	0.00970785981874	1987.0716996	1996.18696831
0.0988617665321	0.0147314281733	1996.18696831
0.113055483783	0.0666747232323	0.0614778718102	0.010637554032	1987.54226366	1991.3793805	1996.18696831
0.13117577076	0.0907124816889	0.0225201185475	1983.18782703	1996.18696831
0.239519295714	0.119406853108	0.0715737096978	0.00828309141865	1973.06362942	1988.77736976	1996.18696831
0.352874379125	0.118536811374	0.0729410457377	0.020350658032	1972.03051924	1990.34704097	1996.18696831
0.179290868426	0.117163672842	0.0894328659023	0.0293833931656	1971.83069429	1988.91161501	1996.18696831
0.146871868414	0.0674549139744	0.0161271563624	1987.98397649	1996.18696831
0.216094808104	0.0575819984327	0.018406498918	1987.90488639	1996.18696831
0.194056025682	0.0973538873534	0.0204534495986	1981.91700308	1996.18696831
0.156458364226	0.163511899212	0.0742958936726	0.0197213939888	0.0313197926084	1973.73768828	1987.16149695	1996.18696831	1999.30437802
0.161494511342	0.0462479046312	0.00898613359161	1987.58721014	1996.18696831
0.136757339936	0.0703586038625	0.0162729669954	1987.85363944	1996.18696831
0.211902336596	0.179321834453	0.0689440918731	0.0104893674647	1973.39898093	1985.18186246	1996.18696831
0.156056027185	0.101814969809	0.0599800318189	0.0146080808536	1979.25046676	1991.14083852	1996.18696831
0.167216686513	0.0854703876299	0.0145779219504	1982.69524463	1996.18696831
0.1973918045	0.0810437071666	0.00793354096763	1983.39132667	1996.18696831
0.163635319502	0.0483617787671	0.0169653028785	1987.76801784	1996.18696831
0.140242268994	0.0613831179	0.0228547528069	1987.76801784	1996.18696831
0.132602699747	0.0795674340525	0.0193634425426	1983.97291714	1996.18696831
0.125568090042	0.0745614894794	0.0222187130606	1988.88884113	1996.18696831
0.160318849512	0.0873971363363	0.0152583646386	1977.8904979	1996.18696831
0.182516439382	0.117552995779	0.101949722077	0.0697201981914	0.0120873865807	1974.49801695	1976.4498688	1992.70683873	1996.18696831
0.306541153126	0.128728379069	0.096613018293	0.0141474897733	1969.45539986	1985.47986888	1996.18696831
0.181788858918	0.0652991812571	0.0726230622967	0.0143587480699	1987.144999	1988.27586738	1996.18696831
0.146978296575	0.0705096848547	0.0112507009673	1987.15088401	1996.18696831
0.163031387023	0.063677261483	0.00419744444624	1987.60331563	1996.18696831
0.143352710314	0.0959790648011	0.0176324195656	1987.78592326	1996.18696831
0.136915384307	0.0702594906595	0.00654926789784	1987.94848725	1996.18696831
0.119654569236	0.0643500108768	0.0196163651277	1987.94848725	1996.18696831
0.13323158413	0.0793799823136	0.0164329128937	1987.94848725	1996.18696831
0.1698823771	0.0729669135788	0.0131029331887	1986.64778221	1996.18696831
0.170343766585	0.0818538240067	0.0167954663708	1987.99840896	1996.18696831
0.147458752539	0.0691168252775	0.0126306191213	1987.1555423	1996.18696831
0.131479471498	0.0619372008162	0.00976349264632	1987.65028653	1996.18696831
0.124045761459	0.0723580346096	0.0104089634832	1987.46239757	1996.18696831
0.143582098414	0.0677027657341	0.0158804841624	1987.78874705	1996.18696831
0.130930781844	0.0798840235065	0.0189941182773	1988.81459423	1996.18696831
0.153960750835	0.0793121622721	0.012835862369	1987.95269866	1996.18696831
0.170664666661	0.0732299649355	0.0113538833288	1987.22175045	1996.18696831
0.148750462856	0.0773486666788	0.00537222062203	1988.17015665	1996.18696831
0.176102015303	0.0735680629155	0.0184577616524	1983.0318954	1996.18696831
0.251919874105	0.125168559239	0.0691880021152	0.0185374708803	1972.87164674	1988.36037109	1996.18696831
0.158672878481	0.0798357477765	0.0784848903648	0.00867072656544	1987.92416508	1991.49909173	1996.18696831
0.151182618016	0.0748907598738	0.0172526995376	1986.61676879	1996.18696831
0.15311775906	0.0575253521737	0.00907837867489	1987.48454319	1996.18696831
0.140485660418	0.0684648907916	0.0194286460605	1987.48454319	1996.18696831
0.179865223327	0.0741927483457	0.0111831726753	1987.02986348	1996.18696831
0.142525179646	0.0698257333972	0.0133434256193	1980.09811158	1996.18696831
0.130071920924	0.0674348560497	0.0121189770303	1987.7338159	1996.18696831
0.143166445011	0.0674350978734	0.0122266627369	1987.33276198	1996.18696831
0.156157643496	0.0775247089437	0.0204273467154	1985.90326443	1996.18696831
0.107831848189	0.057691433653	0.0177324422828	1992.49774575	1996.18696831
0.159410749902	0.0726265006989	0.00925035549219	1987.0740435	1996.18696831
0.14219380625	0.0739233897731	0.014203512002	1987.36913562	1996.18696831
0.142394200738	0.0666279924997	0.0108983880186	1987.36913562	1996.18696831
0.321246400059	0.101154386851	0.0155304048801	1973.1101875	1996.18696831
0.147042483413	0.121793708188	0.0478676261673	0.0139849575059	1970.71704776	1991.09030331	1996.18696831
0.111109819653	0.0464176080736	0.0116292550635	1991.1146729	1996.18696831
0.141116689494	0.077367466194	0.017201707036	1987.50741958	1996.18696831
0.115512805921	0.0680261835116	0.00741084163168	1991.14501469	1996.18696831
0.139234994415	0.0679240697752	0.00575627955772	1987.68462169	1996.18696831
0.278549290687	0.153656787335	0.0761103889578	0.0120843950446	1972.12612621	1987.22749534	1996.18696831
0.151904193543	0.119718238403	0.0530003934921	0.0139568766857	1971.68649201	1991.11841365	1996.18696831
0.14179559047	0.0836275581693	0.0120702956956	1987.24963425	1996.18696831
0.163556703722	0.0775955543613	0.0135856260749	1986.09556791	1996.18696831
0.155209911249	0.0703431941261	0.0122909040761	1987.4818308	1996.18696831
0.138844087484	0.0612069834264	0.00638094626727	1985.31786503	1996.18696831
0.10956736673	0.0751644770223	0.00875836117507	1987.18172127	1996.18696831
0.124643582311	0.0784668804337	0.0206162777136	1984.28605937	1996.18696831
0.128362531121	0.0692149966777	0.0195521574729	1987.376924	1996.18696831
0.304649247995	0.163296748556	0.0874698851258	0.0158659872512	1972.31990021	1984.76670602	1996.18696831
0.136318515929	0.0688083734866	0.00854367606742	1987.16635125	1996.18696831
0.169954939483	0.087748393736	0.00978719893297	1978.23868203	1996.18696831
0.145140501861	0.0602480730991	0.00811151760999	1987.47609631	1996.18696831
0.145788066559	0.100432892464	0.0857283888135	0.02863664541	1970.50429837	1980.45756314	1996.18696831
0.137326804732	0.0621367874252	0.023116585393	0.0221530334875	1987.23052823	1996.18696831	1998.83271713
0.150854047408	0.0563120811559	0.0155837981634	1987.00742295	1996.04032187
0.150377300895	0.0625694357389	0.00648879173641	1987.77002539	1996.04032187
0.136157284953	0.064251584728	0.0168365761932	1987.19385269	1996.04032187
0.131450549345	0.0677102244394	0.013372885998	1987.97951774	1996.04032187
0.185075238237	0.0787263622703	0.0249047301338	1973.79606805	1996.04032187
0.149559345939	0.0958884208465	0.0130590153866	1978.80899444	1996.04032187
0.0774727148402	0.0171280199328	1996.04032187
0.118034198281	0.0597048445232	0.00670450406902	1992.57373024	1996.04032187
0.437343356164	0.1218440816	0.0792467116622	0.0196819447305	1972.8246743	1987.04982824	1996.04032187
0.132054948879	0.172101955214	0.0668506563013	0.0133828421843	1971.94506348	1987.38274402	1996.04032187
0.211190953758	0.100121844747	0.236155804446	0.100930906357	0.0688586572832	0.0247056892535	1973.42850619	1975.39418658	1979.27568887	1990.34245365	1996.04032187
0.117807317515	0.0712914497283	0.0139197327306	1991.72677456	1996.02021516
0.165458124371	0.109867526046	0.0750691568586	0.0614382020565	0.00476814560716	1982.51420885	1987.18287036	1991.90179684	1996.02021516
0.155645924215	0.0877158826218	0.0173278631288	1985.43224555	1996.02021516
0.159473622038	0.0745520934207	0.0260521573397	1985.96034958	1996.02021516
0.137006285033	0.073428238511	0.00341208898872	1987.37442126	1996.02021516
0.207994981362	0.0994916206013	0.0726268219045	0.0179076869594	1978.61921467	1989.69584329	1996.02021516
0.159577256479	0.0732525204256	0.016367158811	1984.76046233	1996.02021516
0.14317120397	0.0766337771647	0.0219470623138	1987.47239249	1996.02021516
0.130502699395	0.169193868666	0.064084134255	0.0148306793342	1977.04204575	1987.02959894	1996.02021516
0.187117157747	0.0870630928294	0.00936829676279	1983.84164487	1996.02021516
0.1385998791	0.0743977912746	0.0126231217354	1987.57060395	1996.02021516
0.142111578706	0.0852764395653	0.0136928488057	1985.03798532	1996.02021516
0.12162783555	0.037482930503	1991.57915885
0.125279327535	0.0727043790221	0.0186924293079	1986.1620039	1996.58847494
0.115114181164	0.0832404622657	0.0145213460378	1987.47648072	1996.58847494
0.14431340303	0.0632160627769	0.0191179147216	1987.81285335	1996.58847494
0.156937513174	0.0884519400548	0.0113795261562	1983.82817218	1996.58847494
0.160156767728	0.0953006164578	0.0160312798753	1981.04414764	1996.58847494
0.157588618613	0.0976468471489	0.0149909847096	1987.77151792	1996.58847494
0.218595416501	0.0872066909663	0.011696215062	1973.98782889	1996.58847494
0.199300329185	0.0754321289781	0.0196940378146	1982.92783474	1995.82417673
0.144277906364	0.0831564502177	0.0104448394074	1987.73803684	1996.97394217
0.127164060887	0.0847483406805	0.0780603969831	0.0162867095854	1985.01728336	1993.05964239	1996.97394217
0.140805760102	0.0645742807636	0.0211405002472	1987.06465684	1996.97394217
0.169704659124	0.150852084151	0.0962410789555	0.0722435499726	0.0209903540184	1976.480665	1983.38933499	1986.41810199	1996.97394217
