3.69530150242
0.0849785140318	0.00166935647419	1973.21843982
0.0686030667475	0.00164489109789	1973.21843982
0.0572909101096	0.00429276773204	1973.21843982
0.0310205807224	0.000872321756536	0.0163831168177	1971.84165172	1997.99902043
0.00298264815068
0.00314652258412
0.00210032286187
0.00216477765265
0.00396857642574
0.000775521690059
0.00119453815333
0.00145127961581
0.00129781799974
0.000676957490337
0.00336728433723
0.00180907003832
0.00152153275321
0.00189241753477
0.000966449759804
0.000958062475036
0.000805335489622
0.00105073186869
0.00104293296481
0.00142100802145
0.00255464548602
0.000671457442517
0.00434424624651
0.00158163179137
0.0019124771701
0.00231408923229
0.00146094458905
0.00149087760022
0.00157769341405	0.00618378925251	1996.82809265
0.00167182938183	0.0224583057864	1998.48184063
0.00224359986497
0.000862062964947
0.00298080054216
0.0022681484822
0.00111756687658
0.00297536169227
0.00201326784934
0.00102536056413
0.00114261487719
0.000908400316442
0.00305534500938
0.00295765074812
0.00107254958554
0.00176982742853
0.00168605190851
0.00272830138832
0.00297902671927
0.00371659788839
0.00152147743272
0.00981158526842	0.00220702739503	0.0154835136081	1969.45594654	1998.92835498
0.000569639907274
0.00176570545148
0.00170209162495
0.00406977401024
0.00413804097044
0.00319632270797
0.000860467718737
0.00235107235731
0.0220501073603	0.00116561671342	1969.10144035
0.0174104114641	0.00282245345865	1969.10144035
0.0156184506355	0.00283602430371	1969.10144035
0.00600483149173	0.00774641032606	1982.48327776
0.00281633883519
0.00321348175975
0.00280248507091
0.00214878756446
0.00336490833351
0.0672443452538	0.00379510341779	1971.33256096
0.00303284776755
0.00543253280568
0.00233715657033
0.00211148425978
0.00260409558433
0.0589714568266	0.0022554518006	1972.18973314
0.0554257049905	0.00203668515284	1972.18973314
0.000605797398234
0.00341399245388
0.00399347766944
0.00263547966737
0.00426500100935
0.00291648835656
0.00125210232913
0.00111619597528
0.00311325704604
0.00159425578138
0.00257571574561
0.0205476244019	0.00230478510158	1973.62486112
0.000987556589417
0.00305025419313
0.00249434775426
0.00263309984465
0.00504247716128
0.00205946611116
0.00123864392798
0.00279460816209
0.00431380007617
0.00358470363367
0.0020181352468
0.00250073405962
0.00225028223778
0.00131750539257
0.00263626993119
0.00150716517423
0.00339247968783
0.00242644319308
0.0411991778368	0.00605835365566	1975.57654891
0.0961075088994	0.000366266850958	1970.30626836
0.0979344682436	0.00288676815242	1970.30626836
0.128643313091	0.00357187530494	1970.30626836
0.00215730725604
0.00211300804237
0.00117973527293
0.00209433741196
0.013584932932	0.00317643155973	1975.41922767
0.00128546593343
0.000433736899847
0.00162720869466
0.0037216056413
0.00392183249802
0.00195330462493
0.00257753052664
0.00364409765675
0.00198728491195
0.00136302036553
0.00153689800044
0.00120010509124
0.00125368236317
0.0131331912237	0.00259200898857	1978.28756937
0.00101654471979
0.00196004854453
0.00181653239932
0.00202299916941
0.00128943152733
0.003014095683
0.00195810970474
0.00485967546444
0.00142009791821
0.00162714173045
0.0065536926666
0.00160286004428
0.0020580727488
0.0019105105995
0.000754309161437
0.000901306445603
0.00154856140723
0.00284560939444
0.000743296936992
0.00176195439305
0.00236088514655
0.00230287360242
0.00265145774683
0.00303713192703
0.000560830469691
0.00205201611267
0.00110243306038
0.00073840326726
0.00506383775172
0.00197388778618
0.0301377405257	0.00468541391827	1972.46049536
0.00204269020678
0.00441203125071
0.00535551635067	0.00352703067631	1971.56982774
0.00201411331806
0.00312637766212
0.000749436870959
0.00134685456982
0.00217551040069
0.00156187548426
0.00210555439876
0.000141005956699	0.00586998273906	1997.67895966
0.000148677217362	0.00531717998184	1997.67895966
0.000303462270298	0.0061477991829	1997.67895966
0.00155708864044
0.00206891748441
0.00051224603247
0.00157458720249
0.00206325863296
0.000839075235099
0.000954060358224
0.0014939129947
0.00271347904594
0.00164246289718
0.00226668014941
0.00307542290923
0.00293877772338
0.00156647315958	0.0296999730927	1999.02000156
0.00207456109164
0.00285316442806
0.00212874774707
0.00366407154455
0.00323260485183
0.00155214677118
0.0020495803982
0.000428228536043
0.00245418938882
0.00366572675898
0.00111433430663
0.00219703365106
0.00275217050465
0.00131634707009	0.00402080825694	1977.70127296
0.00235416132384
0.000794265398387
0.00167147386633
0.00130687646163
0.00153760158057
0.00205657740406
0.000957008697853
0.00155180867558
0.00161396593666
0.00109451665586
0.0121551486032	0.0008517462667	1974.58859909
0.00373981585101
0.00174107333714
0.0772228886721	0.00130487908817	1970.23952834
0.0671810922562	0.00197449175069	1970.23952834
0.0226837437331	0.0015785897381	1972.32627097
0.0014237263098
0.00124141083211
0.00718894247074
0.0014244844864
0.000731618170902
0.00250568998451
0.000940654620393
0.00385342073562
0.00371217795949
0.00185388372653
0.00363290767371
0.000211808492842	0.0121239788663	1998.2170706
0.00150690614702
0.00305934190544
0.00145707715869	0.00286147404185	1995.49571734
0.00195073323865
0.00242612844917
0.00523338767875
0.0012782657239
0.0021063149734
0.00675302056549	0.00178214097501	1977.58003826
0.00333763113378
0.00161165585396
0.00234176971738
0.00108425189599
0.00192844635367
0.00418971655399
0.00106718659923
0.00032167409847
0.0023269496101
0.00290141518488
0.00222475509213
0.00153900574438
0.000555264970568
0.00177319967343
0.00223160757588
0.00292977317559
0.00274922794578
0.00314624056204
0.0914961539143	0.00121968344511	1969.00457903
0.00226614325586
0.00145116129767
0.00232752819803
0.000928235867812
0.00280856292185
0.00196175857258
0.00133307713608
0.00100892418845
0.00176098257546
0.00221868866223
0.00128708157074
0.00196898733156
0.00137263454756
0.00224629425099
0.00237761038474
0.00149701930504	0.00343199361474	1997.80015291
0.00190462579168
0.00063981243234
0.00180046639119
0.0024208631834
0.00106981308523
0.000758619563012
0.00576474561074	0.00189732617745	1980.13566268
0.00261875638781
0.000989140569128
0.00308569991842
0.121789328814	0.000688820066283	1971.06279737
0.0188236044588	0.000707147169818	1971.06279737
0.00304852297503
0.00429495809221
0.00198964516953
0.00204395981566
0.000852567421227	0.00641156182226	1998.65020318
0.00157813773057
0.00778570194345	0.00138957130463	1972.58202575
0.00166516770186
0.0013114344208
0.00354115185582
0.00421414074626
0.00111830330521
0.00229085122549
0.00186674062704
0.00284824613214
0.00210097538511
0.00192647572602
0.00190438116145
0.00206289391464
0.0031651772285	0.0164211194631	1998.12111233
0.00166153057001
0.000972264633322
0.00175815034808
0.00856667999705	0.00196568592928	1971.57818415
0.00325494038115
0.00386076748802
0.00195805922645
0.0225785270766	0.00122434278876	1973.00435484
0.00239367042165
0.00155997914772
0.000530986350854
0.0020351650733
0.00205840078254
0.00147268623372
0.00248466755803
0.00270951483745
0.00214939638642
0.00146167285329
0.0038932395088
0.00182515023782
0.00157327305599
0.00103333149473
0.0274873727138	0.000993713977046	1978.46197413
0.000598678543263
0.000924218808006
0.0257240075849	0.00134388454943	1972.43561672
0.00265032189199
0.00256963276734
0.0032803513749
0.000935601519202
0.00282256194022
0.00281897915505
0.0028224094465
0.00245407876853
0.00223717861312
0.00276404356391
0.00181018895289
0.00340037239468
0.00104796411298
0.00159828237429
0.00198683736049
0.0025983160283
0.00132934928697
0.00149982023551
0.00175755584024
0.0015701406434
0.00199444461341
0.00424885679195
0.00254981872531
0.00137551145358
0.00274699052727
0.00086784995322	0.0125611901524	1998.08596016
0.00460687449678
0.000678309111252
0.00351454789965
0.00453875944295
0.00714077435995	0.00225466311709	1981.56012161
0.00106411780024
0.0017650573425
0.00112483250083
0.00157884737941
0.00145695011664
0.00227293619442
0.00251189329073
0.00133384801654
0.00198735684395
0.00289640775402
0.000736267593787
0.00313668090942
0.00092552592258
0.00399890311913
0.0044020474358
0.00104867667023
0.00187068438622
0.00419034926506
0.003298413091
0.00181706077215
0.00108186992417
0.00258358632046
0.00120747694647
0.00205170155384
0.00299756589864
0.00157749233618
0.00199850079515
0.00153094566283
0.00150123111301
0.00285714714743
0.00188201964244
0.00183529206587
0.0041127595307
0.00143120154103
0.00178826987907
0.00249157327587
0.00273277600606
0.0054146187203
0.00184747770858
0.000671641985671
0.000907940549069
0.00114146911929
0.00144328626117
0.00230464909976
0.00151675655658
0.00259335310589
0.00353847428884
0.00143541235327
0.00106709943104
0.00174865070194
0.00302961231574
0.0110426257244	0.00364516616387	1975.49308246
0.00277105033749
0.00250247276904
0.00164242746833
0.00313050879033
0.00157235762486
0.000986760090131
0.00291002345986
0.001137914783
0.000951793181645
0.00146248656824
0.00201402448994
0.002076466585
0.00219826791811
0.00231174043644
0.00190855489967
0.000927623532092
0.00070692931362
0.00246798986099
0.00170601619719
0.00323337010074
0.00316908450741
0.0106679010261	0.00204260370924	1976.67390933
0.0451072714951	0.00148817445476	1970.31625642
0.0100975031004	0.00107828849154	1970.31625642
0.00392849607131
0.00219120831201
0.000698971214861
0.00445874594207
0.0165771133223	0.00202770060591	1969.42170358
0.00233192812912
0.00237496246458
0.000937136316027
0.00177537229314
0.00232705607525
0.00220983253371
0.00316985804116
0.000639107592368
0.00220340339867
0.00354387813219
0.001070675116
0.00453868729267
0.00188152152127
0.00319427564335
0.00192965675658
0.00226841376929
0.00282410210702
0.00273706833349
0.000287917157181
0.0014773824877
0.0126986943552	0.00241635671224	1975.9439613
0.00131312023336
0.00142806399484
0.00206717627336
0.00150165960362
0.00232638661649
0.00354154579355
0.00317749265575
0.00187368290282
0.0011053697199
0.00355476384086
0.00311284191149	0.00317403951034	1985.17949594
0.0016505001389
0.00159922748796
0.00356547767038
0.0030874526737
0.00290811428406
0.00148753658491
0.00132206696549
0.147833874251	0.00222615365791	1970.63788546
0.122413400273	0.00136584945032	1970.63788546
0.125439809889	0.0030235603173	1970.63788546
0.0134865514846	0.0027403626598	1970.63788546
0.000831737721337
0.00345984532264
0.00157546853471
0.00191547158531
0.00138247605993
0.00227627161223
0.0046921670817
0.00156769380658
0.0812493595323	0.000775267675793	1971.00168229
0.0532232776517	0.00270294042336	1971.00168229
0.0376297336524	0.00215133124719	1971.00168229
0.0806059701719	0.0428238439217	0.00152319616992	1969.89746337	1971.00168229
0.0688937534663	0.000647710524444	0.00528761899562	1969.38699876	1996.93516886
0.00372073932377
0.00146281234413	0.00339580425862	1994.85381462
0.00177979056477
0.00434547499618
0.00278748975921
0.00203953422116
0.00197998602031
0.00199165453089
0.0083140047818	0.00323911093575	1971.08052161
0.00335718431112	0.00444211692679	1984.61643524
0.00265669869001
0.00114415337773
0.00172741331454
0.00272257308442
0.00312882370771
0.00193697835751
0.00215773680949
0.00131892621665
0.00321940834765
0.097656251596	0.00199454547149	1971.30287756
0.0275448148953	0.002761654906	1971.30287756
0.00153562867527
0.00290018196558
0.000490686866904
0.114277089479	0.0021624095724	1969.23768676
0.0805295786072	0.0029528695074	1969.23768676
0.043575033565	0.00222403103815	1969.23768676
0.117556987667	0.00149446217235	1969.23768676
0.152572808497	0.00158794833804	1969.23768676
0.0853242919413	0.00122451277061	1969.23768676
0.00290289726128
0.00195329934101
0.00187861240881
0.0030224639674
0.00273126109517	0.00960892076002	1998.48567465
0.00284046023286
0.0022662884618
0.000273733477749
0.00262239506199	0.00172106385997	1985.65360065
0.00402019111079
0.00325546939315
0.002196907881
0.00114320656003
0.00150620223286
0.0251024313996	0.000764674570579	1974.61902532
0.0469133622611	0.00107151758056	1974.61902532
0.029537791486	0.00334667512705	1974.61902532
0.000993679986836
0.000863789150122
0.00229457745437
0.000764971913466
0.00148047971426
0.00185444285965	0.00673422155692	1996.73402598
0.00144855313946
0.00594762785578
0.190374398567	0.00288772957096	1969.48874523
0.0240746883965	0.00164693239257	1969.48874523
0.0268354219618	0.0001559689943	1971.05715489
0.108968864281	0.00203636516782	1971.05715489
0.00256813845988
0.203426741816	0.000847136444135	1970.27148979
0.0740689357657	0.00450971392251	1970.27148979
0.0029133475878
0.0015324387099
0.0019911999348
0.00247487443003
0.00256732466347
0.00237385925674
0.00130627322152
0.00245355512517
0.00236981445306
0.00118206201067
0.00226730326754
0.00259050032028
0.0185164979217	0.00171112733289	1969.87765331
0.0178942978551	0.00272553705703	1972.41189729
0.0037345882316
0.00172107579997
0.00193072654226
0.00243629174989
0.00401755135805
0.00368504329606
0.00200555722303
0.00319347755268
0.0047457315748
0.000901809109465
0.00335466971527
0.0022940492498
0.0139745264008	0.0014533233252	1976.83361127
0.00311852224488
0.00114250720098
0.00228724078062
0.0359937367526	0.00233211868643	1971.0716553
0.110961626328	0.00258653243907	1971.0716553
0.00402099904187	0.0122511154933	1992.32358145
0.00452203166266
0.00458858276048
0.040297913632	0.00294950457167	1970.10800937
0.0618005151697	0.0378106815532	0.00258669427297	1969.00870335	1970.10800937
0.0285793580297	0.00200221429865	1970.10800937
0.000918795586984
0.0182703738285	0.00310918585485	1969.74415976
0.00326489561438
0.0023978773862
0.00120607087398
0.00202803728211
0.00166577642384	0.0209699377836	1998.46265933
0.0020575402919
0.000838504752733
0.00148859041089
0.00146905182003
0.000803242084033
0.000897161641487
0.00216397415623
0.00193453078871
0.000163369169245	0.00938297035736	1998.28992513
0.00253225373201	0.0100169960729	1998.28992513
0.00140025245197
0.00322147560693
0.0375421930019	0.00184245451419	1971.79661042
0.053773307359	0.00144463617953	1975.12350159
0.00129897463306
0.00141565717821
0.00319851009391
0.00132898468655	0.00548132581609	1997.9617892
0.0102855226957	0.00134705172316	1980.63411992
0.00278512694557
0.0339583805501	0.00165743079042	1972.41360961
0.0925777704091	0.00172890699049	1972.41360961
0.0503265687197	0.000604419518059	1972.41360961
0.0393786608167	0.00278095088127	1972.41360961
0.0431458556069	0.0238102835323	0.00113638407908	1970.86791174	1972.41360961
0.0595121978294	0.00203937500105	1972.41360961
0.0011284642775	0.00655337021153	1995.63540538
0.058689277374	0.00439751120255	1969.19941647
0.00166433061341
0.0016829682912
0.00167458411173
0.00246123396141
0.000721976999263
0.000797023800911
0.00331486412955
0.00294195241555
0.0018424282688
0.00118223769882
0.00165568343752
0.00163636061069
0.00134859699211
0.00234931131266
0.0556289294554	0.00259031227636	1969.52954084
0.0463744344851	0.00134666119467	1969.52954084
0.00611203420976
0.00248231069638	0.00362806197941	1983.76802022
0.00171521152511
0.0026251183777
0.000982613181845
0.00926789615763	0.0022499501143	1974.19905284
0.002054763945
0.00231497079415
0.00195988086691
0.00411685782105
0.00297366081926
0.0010655498207
0.00100577600551
0.0243144963818	0.00166074039789	1975.22358846
0.00237436138565
0.00360243149884
0.00224785374597
0.00250941495556
0.0207771589912	0.0105214017733	0.00118392896503	1972.32735219	1981.11396459
0.0226497185087	0.00477370121129	1975.51438218
0.00205160863324
0.0014695787594
0.000794978498528
0.00163057382545
0.0018428680189
0.00347395970525
0.00198095841494
0.00291022097308
0.00213242363105
0.00127743061794	0.00557984009721	1997.5006231
0.00371714638402	0.012487320665	1996.7221141
0.00332062074931
0.00479439957787
0.00242256180999
0.00274750113338
0.00132933557587
0.000846491410977
0.00308330163853
0.00221261587217
0.0184096684611	0.00163966937565	1973.01699503
0.00420447917462
0.00124194251966
0.000702737855823
0.00228521163636
0.000625498022585
0.00170705665284
0.000634680892456
0.00283900560185	0.00134950933871	1971.8940273
0.00258913026527
0.000397002301879	0.0101113365045	1998.91395788
0.000668634212155	0.0209256548739	1998.91395788
0.00288046019064
0.00258108594827
0.00157725119092
0.00438185518918
0.00197523343064
0.00153850634829
0.00310676586391
0.000653179361278
0.148599154424	0.00244369115366	1971.45553714
0.0830564896556	0.00204365661116	1971.45553714
0.113890683796	0.000869801766573	1971.45553714
0.0469619822192	0.00165685386979	1971.45553714
0.135155858467	0.00144264437831	1971.45553714
0.134950215251	0.0015154795154	1971.45553714
0.037561889646	0.0020653679456	1971.45553714
0.0595976977728	0.00459982216165	1971.45553714
0.0122112889154	0.00208025462318	1977.18427391
0.00338354911165
0.0017484732668
0.00170394176085
0.00300669884576
0.00136449697226
0.0044041249812
0.032867620672	0.00217336264876	1973.68927619
0.00149271811481
0.00263496444303
0.00110485340513	0.0092449713066	1998.76911439
0.00173736614439	0.0244071513985	1998.76911439
0.00129379713405
0.00135242812281
0.00177673553855
0.00277312813165
0.00337678787421
0.00229410888752
0.00336928941739
0.00240883919347
0.000760511173467
0.00315451665136
0.00225139475568
0.00218308385925
0.00207761344962
0.00109691736584
0.0029237087581
0.00182230184165
0.0019836390549
0.00208620789195
0.00136439396324
0.0027030302365
0.00105257574633
0.00159783611942
0.0171625044953	0.000720463622125	1978.21663009
0.00248380748419
0.00140825841545
0.00348417879563
0.00266353528707
0.00175727701374
0.00375009791513
0.00199702139225
0.00113004510156
0.00230959748718
0.00109228294969
0.00174282267109
0.000851713494398
0.00416424823217
0.00228576909794
0.0942481787951	0.00267319333395	1970.97273329
0.00177235700924
0.00432767262199
0.00246467392852
0.00152259207716
0.00146249351826
0.000769490282498
0.00119738303098
0.00201121353401
0.00133467185581
0.00187260410952
0.0202340635531	0.00479584533676	1979.8670084
0.00336211554287
0.000944969863716
0.00209824939506
0.00377317565577
0.00265918448814
0.00165448888605
0.00375469749644
0.00312260674078
0.000625080001527	0.00578134864046	1998.60342397
0.00452110094342
0.00229789601053
0.0017749665822
0.00179128375274
0.00281786333131
0.00324855728388
0.00289491252468
0.000912727946539
0.00111310527029
0.00468243357426
0.00321663336219
0.000850630397212
0.0020395309044
0.00267495416931
0.00136253724236
0.00290712587906
0.0487219050383	0.00331709778607	1971.4142719
0.000661918080499
0.00230341010686
0.00481973377725
0.00160604142595
0.000996417120291	0.00473302324479	1999.23819583
0.00150502999308
0.00607958823283	0.00117307309321	1974.87629232
0.00282692381633
0.00073607202784
0.000907189326434
0.0019723753572
0.00119733062878
0.00220228521285
0.00271649552384	0.0028958064092	1976.68733408
0.00270948384157
0.00288914899865
0.00068936569972
0.00210598224163
0.00152254063662
0.000940616827907
0.00228671261508
0.00359285695476
0.00201978734751
0.0033247135334
0.0015235325669
0.00175933281734
0.000276500069977	0.00655447024901	1996.97932188
0.00325919507648
0.00352291929487
0.00248799736611
0.00090557371289
0.0014836608941
0.00133290418817
0.00104533806432	0.0113891931318	1998.70968019
0.00163048423202	0.0236760764443	1998.70968019
0.000942331564375	0.0122981605815	1998.70968019
0.00222579082895
0.00148976470795
0.00305120811184
0.00324904019618
0.000962562274498
0.0314510638935	0.00314976506403	1984.63901653
0.000802292739777
0.00317654301269
0.00120429648403
0.00589338326055
0.00150444263206
0.00497563241508
0.000849086890623
0.00130245549085
0.09221185719	0.00174840431655	1971.40453781
0.0194464470254	0.00322389394003	1970.0392029
0.0015057103375
0.0020051803249	0.00843156757225	1998.949816
0.00300630241145
0.00297542163038
0.00111687376349
0.0035608093476
0.00312595521858
0.00213265641913
0.00272020094963
0.00322213916928
0.00295042843734
0.0013906576142
0.0030694030845
0.00348483959339
0.00338763982269
0.00269504511306
0.00234063483015
0.000746146259076
0.00290909857101
0.00185679366085
0.00176332865838
0.0291356204123	0.00155119717393	1971.0099052
0.000406565849729
0.000710870567959
0.00231669424393
0.00183329024102
0.00213452131749	0.00533185935302	1997.29137707
0.0219760348708	0.00224566614006	1975.50305844
0.00104263500623
0.00386372835402	0.0085842694522	1997.76350477
0.00103148114642	0.0101636875587	1998.975635
0.00377664823809
0.00159558074845
0.033726109552	0.00232978554682	1969.10851164
0.00170340171769
0.000769076856892
0.00027802904459	0.0136299064406	1999.44394454
0.00265139287272	0.0242566913129	1999.44394454
0.00137351881876
0.00203233940182
0.00254210871905
0.00151572457139
0.000573545077166
0.00306659771404
0.00150187877879
0.00401253954758
0.00106792712162
0.00341110775923
0.00155296957358
0.00248272394402
0.00252031815318
0.00177450039127
0.00111062595606
0.00611324798485
0.00125431914228
0.00182430266086
0.00280138493309
0.00310891963052
0.00191967444966
0.0014575174371
0.00114368222549
0.000526328595428
0.00275324722543
0.00208171512334
0.0035456765322
0.00107428800518
0.00218830248529
0.00149977826016
0.00211736467781
0.0710098490275	0.003327112166	1970.91088312
0.00132568643031
0.00166374679279
0.00140224290839
0.00484593437063
0.00119548017498
0.00272554067315
0.000804784620358
0.00251103777796
0.00127108529052
0.0010984796835
0.00383660522203
0.00165441694702
0.00529439201775
0.00113846530217
0.00291411507449
0.0015973217374
0.00271645263481
0.00136530840509	0.0167840573545	1998.48079653
0.00227651626882
0.0026666773245
0.00354987425306
0.000713015404804
0.00074817340172
0.00100868902448
0.00217243972694
0.00159032187921
0.000997755161104
0.00226620448136
0.00153778384271
0.00202984183324
0.00285160330634
0.0040979899836
0.00203184681902
0.00339703401433
0.00291618732753
0.0012814224655
0.000708807009143
0.00263032661591
0.00230883180138
0.00150591925069
0.0030631133257
0.00157623525612
0.00154415498336
0.00169371879844
0.00122412019165
0.00262392179153
0.00224043769997
0.0302986992275	0.000846698399313	1975.05559543
0.0495464050377	0.0011603022565	1970.79516323
0.0264697332239	0.00241327011197	1970.79516323
0.0722380796761	0.00103582262354	1970.79516323
0.00213807275284
0.00303999865086
0.00172025205903
0.00189223308356	0.0449693251751	1999.41429437
0.00085154607394	0.0200011630552	1999.41429437
0.00333158205949
0.00234803939656
0.00181931289037
0.00197559071777
0.00244439219724
0.000709534502405
0.00162410905629
0.00160296531464
0.00130454708221
0.000621842204405
0.00265274433505
0.00351029134131
0.00188998829553
0.0017167047949
